#
# There is insufficient memory for the Java Runtime Environment to continue.
# Native memory allocation (malloc) failed to allocate 719504 bytes. Error detail: Chunk::new
# Possible reasons:
#   The system is out of physical RAM or swap space
#   This process is running with CompressedOops enabled, and the Java Heap may be blocking the growth of the native heap
# Possible solutions:
#   Reduce memory load on the system
#   Increase physical memory or swap space
#   Check if swap backing store is full
#   Decrease Java heap size (-Xmx/-Xms)
#   Decrease number of Java threads
#   Decrease Java thread stack sizes (-Xss)
#   Set larger code cache with -XX:ReservedCodeCacheSize=
#   JVM is running with Unscaled Compressed Oops mode in which the Java heap is
#     placed in the first 4GB address space. The Java Heap base address is the
#     maximum limit for the native heap growth. Please use -XX:HeapBaseMinAddress
#     to set the Java Heap base and to place the Java Heap above 4GB virtual address.
# This output file may be truncated or incomplete.
#
#  Out of Memory Error (arena.cpp:168), pid=4964, tid=87676
#
# JRE version: OpenJDK Runtime Environment (21.0.4) (build 21.0.4+-12508038-b607.1)
# Java VM: OpenJDK 64-Bit Server VM (21.0.4+-12508038-b607.1, mixed mode, tiered, compressed oops, compressed class ptrs, g1 gc, windows-amd64)
# No core dump will be written. Minidumps are not enabled by default on client versions of Windows
#

---------------  S U M M A R Y ------------

Command Line: --add-opens=java.base/java.util=ALL-UNNAMED --add-opens=java.base/java.lang=ALL-UNNAMED --add-opens=java.base/java.lang.invoke=ALL-UNNAMED --add-opens=java.prefs/java.util.prefs=ALL-UNNAMED --add-exports=jdk.compiler/com.sun.tools.javac.api=ALL-UNNAMED --add-exports=jdk.compiler/com.sun.tools.javac.util=ALL-UNNAMED --add-opens=java.base/java.nio.charset=ALL-UNNAMED --add-opens=java.base/java.net=ALL-UNNAMED --add-opens=java.base/java.util.concurrent.atomic=ALL-UNNAMED -Xmx2048m -Dfile.encoding=UTF-8 -Duser.country=ES -Duser.language=es -Duser.variant -javaagent:C:\Users\dowhi\.gradle\wrapper\dists\gradle-8.10.2-bin\a04bxjujx95o3nb99gddekhwo\gradle-8.10.2\lib\agents\gradle-instrumentation-agent-8.10.2.jar org.gradle.launcher.daemon.bootstrap.GradleDaemon 8.10.2

Host: Intel(R) Core(TM) i3-7020U CPU @ 2.30GHz, 4 cores, 7G,  Windows 10 , 64 bit Build 19041 (10.0.19041.5438)
Time: Sun Mar  2 14:04:48 2025 Hora estándar romance elapsed time: 250.497745 seconds (0d 0h 4m 10s)

---------------  T H R E A D  ---------------

Current thread (0x0000026a025a26d0):  JavaThread "C2 CompilerThread0" daemon [_thread_in_native, id=87676, stack(0x000000f649700000,0x000000f649800000) (1024K)]


Current CompileTask:
C2: 250497 13534   !   4       com.google.common.cache.LocalCache$Segment::put (439 bytes)

Stack: [0x000000f649700000,0x000000f649800000]
Native frames: (J=compiled Java code, j=interpreted, Vv=VM code, C=native code)
V  [jvm.dll+0x6ce539]
V  [jvm.dll+0x85bf03]
V  [jvm.dll+0x85e45e]
V  [jvm.dll+0x85eb43]
V  [jvm.dll+0x27dd06]
V  [jvm.dll+0xbf9cd]
V  [jvm.dll+0xbff03]
V  [jvm.dll+0x3b4deb]
V  [jvm.dll+0x380f07]
V  [jvm.dll+0x38037a]
V  [jvm.dll+0x2473f2]
V  [jvm.dll+0x2469c1]
V  [jvm.dll+0x1c58a4]
V  [jvm.dll+0x255fec]
V  [jvm.dll+0x254536]
V  [jvm.dll+0x3efab6]
V  [jvm.dll+0x804418]
V  [jvm.dll+0x6cce0d]
C  [ucrtbase.dll+0x21bb2]
C  [KERNEL32.DLL+0x17374]
C  [ntdll.dll+0x4cc91]


---------------  P R O C E S S  ---------------

Threads class SMR info:
_java_thread_list=0x0000026a0b2f97b0, length=62, elements={
0x0000026a6b521e30, 0x0000026a025b4540, 0x0000026a025b7370, 0x0000026a02598e30,
0x0000026a02599890, 0x0000026a0259caa0, 0x0000026a025a11a0, 0x0000026a025a26d0,
0x0000026a025a3910, 0x0000026a026a29c0, 0x0000026a02896590, 0x0000026a07d2fbd0,
0x0000026a078aed60, 0x0000026a07ccc430, 0x0000026a077d0e30, 0x0000026a078a8960,
0x0000026a07b87020, 0x0000026a077279a0, 0x0000026a07726c80, 0x0000026a07728030,
0x0000026a07724bb0, 0x0000026a07727310, 0x0000026a07725240, 0x0000026a077258d0,
0x0000026a077265f0, 0x0000026a0a8482f0, 0x0000026a0a848980, 0x0000026a0a845500,
0x0000026a0a849010, 0x0000026a0a8496a0, 0x0000026a0a846220, 0x0000026a0a849d30,
0x0000026a0a84b770, 0x0000026a0a84a3c0, 0x0000026a0a846f40, 0x0000026a0a84c490,
0x0000026a0a845b90, 0x0000026a0a8475d0, 0x0000026a08829b60, 0x0000026a0882c2c0,
0x0000026a08828e40, 0x0000026a0882a1f0, 0x0000026a088294d0, 0x0000026a0882a880,
0x0000026a0882af10, 0x0000026a0882bc30, 0x0000026a0bd0cd00, 0x0000026a0bd0da20,
0x0000026a0bcee9c0, 0x0000026a0bd7fdc0, 0x0000026a0bd7a1e0, 0x0000026a0c04f700,
0x0000026a0c04fd90, 0x0000026a0c055970, 0x0000026a0c050420, 0x0000026a0c051140,
0x0000026a0c050ab0, 0x0000026a0c0538a0, 0x0000026a0c04f070, 0x0000026a0c053f30,
0x0000026a0c053210, 0x0000026a0c0545c0
}

Java Threads: ( => current thread )
  0x0000026a6b521e30 JavaThread "main"                              [_thread_blocked, id=67216, stack(0x000000f648900000,0x000000f648a00000) (1024K)]
  0x0000026a025b4540 JavaThread "Reference Handler"          daemon [_thread_blocked, id=71900, stack(0x000000f649100000,0x000000f649200000) (1024K)]
  0x0000026a025b7370 JavaThread "Finalizer"                  daemon [_thread_blocked, id=90332, stack(0x000000f649200000,0x000000f649300000) (1024K)]
  0x0000026a02598e30 JavaThread "Signal Dispatcher"          daemon [_thread_blocked, id=83064, stack(0x000000f649300000,0x000000f649400000) (1024K)]
  0x0000026a02599890 JavaThread "Attach Listener"            daemon [_thread_blocked, id=54784, stack(0x000000f649400000,0x000000f649500000) (1024K)]
  0x0000026a0259caa0 JavaThread "Service Thread"             daemon [_thread_blocked, id=42856, stack(0x000000f649500000,0x000000f649600000) (1024K)]
  0x0000026a025a11a0 JavaThread "Monitor Deflation Thread"   daemon [_thread_blocked, id=85168, stack(0x000000f649600000,0x000000f649700000) (1024K)]
=>0x0000026a025a26d0 JavaThread "C2 CompilerThread0"         daemon [_thread_in_native, id=87676, stack(0x000000f649700000,0x000000f649800000) (1024K)]
  0x0000026a025a3910 JavaThread "C1 CompilerThread0"         daemon [_thread_blocked, id=79344, stack(0x000000f649800000,0x000000f649900000) (1024K)]
  0x0000026a026a29c0 JavaThread "Common-Cleaner"             daemon [_thread_blocked, id=87020, stack(0x000000f649900000,0x000000f649a00000) (1024K)]
  0x0000026a02896590 JavaThread "Notification Thread"        daemon [_thread_blocked, id=65548, stack(0x000000f649a00000,0x000000f649b00000) (1024K)]
  0x0000026a07d2fbd0 JavaThread "Daemon health stats"               [_thread_blocked, id=82044, stack(0x000000f648700000,0x000000f648800000) (1024K)]
  0x0000026a078aed60 JavaThread "Incoming local TCP Connector on port 60752"        [_thread_in_native, id=72304, stack(0x000000f649e00000,0x000000f649f00000) (1024K)]
  0x0000026a07ccc430 JavaThread "Daemon periodic checks"            [_thread_blocked, id=96388, stack(0x000000f649f00000,0x000000f64a000000) (1024K)]
  0x0000026a077d0e30 JavaThread "Daemon"                            [_thread_blocked, id=8656, stack(0x000000f64a000000,0x000000f64a100000) (1024K)]
  0x0000026a078a8960 JavaThread "Handler for socket connection from /127.0.0.1:60752 to /127.0.0.1:60753"        [_thread_in_native, id=89984, stack(0x000000f64a100000,0x000000f64a200000) (1024K)]
  0x0000026a07b87020 JavaThread "Cancel handler"                    [_thread_blocked, id=73556, stack(0x000000f64a200000,0x000000f64a300000) (1024K)]
  0x0000026a077279a0 JavaThread "Daemon worker"                     [_thread_blocked, id=71128, stack(0x000000f64a300000,0x000000f64a400000) (1024K)]
  0x0000026a07726c80 JavaThread "Asynchronous log dispatcher for DefaultDaemonConnection: socket connection from /127.0.0.1:60752 to /127.0.0.1:60753"        [_thread_blocked, id=64072, stack(0x000000f64a400000,0x000000f64a500000) (1024K)]
  0x0000026a07728030 JavaThread "Stdin handler"                     [_thread_blocked, id=96188, stack(0x000000f64a500000,0x000000f64a600000) (1024K)]
  0x0000026a07724bb0 JavaThread "Daemon client event forwarder"        [_thread_blocked, id=81500, stack(0x000000f64a600000,0x000000f64a700000) (1024K)]
  0x0000026a07727310 JavaThread "Cache worker for journal cache (C:\Users\dowhi\.gradle\caches\journal-1)"        [_thread_blocked, id=75744, stack(0x000000f64a700000,0x000000f64a800000) (1024K)]
  0x0000026a07725240 JavaThread "File lock request listener"        [_thread_in_native, id=91792, stack(0x000000f64a800000,0x000000f64a900000) (1024K)]
  0x0000026a077258d0 JavaThread "Cache worker for file hash cache (C:\Users\dowhi\.gradle\caches\8.10.2\fileHashes)"        [_thread_blocked, id=87508, stack(0x000000f64a900000,0x000000f64aa00000) (1024K)]
  0x0000026a077265f0 JavaThread "Cache worker for file hash cache (C:\Users\dowhi\AndroidStudioProjects\TaxiFlash - 0.9\.gradle\8.10.2\fileHashes)"        [_thread_blocked, id=72164, stack(0x000000f64aa00000,0x000000f64ab00000) (1024K)]
  0x0000026a0a8482f0 JavaThread "Cache worker for Build Output Cleanup Cache (C:\Users\dowhi\AndroidStudioProjects\TaxiFlash - 0.9\.gradle\buildOutputCleanup)"        [_thread_blocked, id=36096, stack(0x000000f64ab00000,0x000000f64ac00000) (1024K)]
  0x0000026a0a848980 JavaThread "File watcher server"        daemon [_thread_in_native, id=31384, stack(0x000000f64ac00000,0x000000f64ad00000) (1024K)]
  0x0000026a0a845500 JavaThread "File watcher consumer"      daemon [_thread_blocked, id=94484, stack(0x000000f64ad00000,0x000000f64ae00000) (1024K)]
  0x0000026a0a849010 JavaThread "Cache worker for checksums cache (C:\Users\dowhi\AndroidStudioProjects\TaxiFlash - 0.9\.gradle\8.10.2\checksums)"        [_thread_blocked, id=64356, stack(0x000000f64ae00000,0x000000f64af00000) (1024K)]
  0x0000026a0a8496a0 JavaThread "Cache worker for file content cache (C:\Users\dowhi\.gradle\caches\8.10.2\fileContent)"        [_thread_blocked, id=82216, stack(0x000000f64af00000,0x000000f64b000000) (1024K)]
  0x0000026a0a846220 JavaThread "Cache worker for cache directory md-rule (C:\Users\dowhi\.gradle\caches\8.10.2\md-rule)"        [_thread_blocked, id=69816, stack(0x000000f64b000000,0x000000f64b100000) (1024K)]
  0x0000026a0a849d30 JavaThread "Cache worker for cache directory md-supplier (C:\Users\dowhi\.gradle\caches\8.10.2\md-supplier)"        [_thread_blocked, id=87156, stack(0x000000f64b100000,0x000000f64b200000) (1024K)]
  0x0000026a0a84b770 JavaThread "jar transforms"                    [_thread_blocked, id=84580, stack(0x000000f64b200000,0x000000f64b300000) (1024K)]
  0x0000026a0a84a3c0 JavaThread "File lock release action executor"        [_thread_blocked, id=97268, stack(0x000000f64b300000,0x000000f64b400000) (1024K)]
  0x0000026a0a846f40 JavaThread "jar transforms Thread 2"           [_thread_blocked, id=77264, stack(0x000000f64b400000,0x000000f64b500000) (1024K)]
  0x0000026a0a84c490 JavaThread "jar transforms Thread 3"           [_thread_blocked, id=82800, stack(0x000000f64b500000,0x000000f64b600000) (1024K)]
  0x0000026a0a845b90 JavaThread "Unconstrained build operations"        [_thread_blocked, id=68460, stack(0x000000f648600000,0x000000f648700000) (1024K)]
  0x0000026a0a8475d0 JavaThread "Unconstrained build operations Thread 2"        [_thread_blocked, id=73792, stack(0x000000f648800000,0x000000f648900000) (1024K)]
  0x0000026a08829b60 JavaThread "Unconstrained build operations Thread 3"        [_thread_blocked, id=77256, stack(0x000000f64b600000,0x000000f64b700000) (1024K)]
  0x0000026a0882c2c0 JavaThread "Unconstrained build operations Thread 4"        [_thread_blocked, id=75700, stack(0x000000f64b700000,0x000000f64b800000) (1024K)]
  0x0000026a08828e40 JavaThread "Unconstrained build operations Thread 5"        [_thread_blocked, id=81396, stack(0x000000f64b800000,0x000000f64b900000) (1024K)]
  0x0000026a0882a1f0 JavaThread "Unconstrained build operations Thread 6"        [_thread_blocked, id=29984, stack(0x000000f64b900000,0x000000f64ba00000) (1024K)]
  0x0000026a088294d0 JavaThread "Unconstrained build operations Thread 7"        [_thread_blocked, id=95952, stack(0x000000f64ba00000,0x000000f64bb00000) (1024K)]
  0x0000026a0882a880 JavaThread "Unconstrained build operations Thread 8"        [_thread_blocked, id=7876, stack(0x000000f64bb00000,0x000000f64bc00000) (1024K)]
  0x0000026a0882af10 JavaThread "Unconstrained build operations Thread 9"        [_thread_blocked, id=65272, stack(0x000000f64bc00000,0x000000f64bd00000) (1024K)]
  0x0000026a0882bc30 JavaThread "jar transforms Thread 4"           [_thread_blocked, id=85000, stack(0x000000f64bd00000,0x000000f64be00000) (1024K)]
  0x0000026a0bd0cd00 JavaThread "build event listener"              [_thread_blocked, id=72888, stack(0x000000f64be00000,0x000000f64bf00000) (1024K)]
  0x0000026a0bd0da20 JavaThread "Memory manager"                    [_thread_blocked, id=88040, stack(0x000000f64bf00000,0x000000f64c000000) (1024K)]
  0x0000026a0bcee9c0 JavaThread "build event listener"              [_thread_blocked, id=78060, stack(0x000000f64c000000,0x000000f64c100000) (1024K)]
  0x0000026a0bd7fdc0 JavaThread "pool-3-thread-1"                   [_thread_blocked, id=90680, stack(0x000000f64c200000,0x000000f64c300000) (1024K)]
  0x0000026a0bd7a1e0 JavaThread "build event listener"              [_thread_blocked, id=61432, stack(0x000000f64c300000,0x000000f64c400000) (1024K)]
  0x0000026a0c04f700 JavaThread "included builds"                   [_thread_in_native, id=31324, stack(0x000000f64c400000,0x000000f64c500000) (1024K)]
  0x0000026a0c04fd90 JavaThread "Execution worker"                  [_thread_blocked, id=68064, stack(0x000000f64c500000,0x000000f64c600000) (1024K)]
  0x0000026a0c055970 JavaThread "Execution worker Thread 2"         [_thread_blocked, id=85316, stack(0x000000f64c600000,0x000000f64c700000) (1024K)]
  0x0000026a0c050420 JavaThread "Execution worker Thread 3"         [_thread_blocked, id=68568, stack(0x000000f64c700000,0x000000f64c800000) (1024K)]
  0x0000026a0c051140 JavaThread "Cache worker for execution history cache (C:\Users\dowhi\AndroidStudioProjects\TaxiFlash - 0.9\.gradle\8.10.2\executionHistory)"        [_thread_blocked, id=93300, stack(0x000000f64c800000,0x000000f64c900000) (1024K)]
  0x0000026a0c050ab0 JavaThread "Unconstrained build operations Thread 10"        [_thread_blocked, id=61776, stack(0x000000f64c900000,0x000000f64ca00000) (1024K)]
  0x0000026a0c0538a0 JavaThread "Unconstrained build operations Thread 11"        [_thread_blocked, id=69508, stack(0x000000f64ca00000,0x000000f64cb00000) (1024K)]
  0x0000026a0c04f070 JavaThread "Unconstrained build operations Thread 12"        [_thread_blocked, id=77076, stack(0x000000f64cb00000,0x000000f64cc00000) (1024K)]
  0x0000026a0c053f30 JavaThread "Unconstrained build operations Thread 13"        [_thread_in_native, id=87048, stack(0x000000f64ce00000,0x000000f64cf00000) (1024K)]
  0x0000026a0c053210 JavaThread "Unconstrained build operations Thread 14"        [_thread_in_native, id=86768, stack(0x000000f64cf00000,0x000000f64d000000) (1024K)]
  0x0000026a0c0545c0 JavaThread "Unconstrained build operations Thread 15"        [_thread_in_native, id=81412, stack(0x000000f64d000000,0x000000f64d100000) (1024K)]
Total: 62

Other Threads:
  0x0000026a024231d0 VMThread "VM Thread"                           [id=84064, stack(0x000000f649000000,0x000000f649100000) (1024K)]
  0x0000026a02390a50 WatcherThread "VM Periodic Task Thread"        [id=60944, stack(0x000000f648f00000,0x000000f649000000) (1024K)]
  0x0000026a6b576730 WorkerThread "GC Thread#0"                     [id=76064, stack(0x000000f648a00000,0x000000f648b00000) (1024K)]
  0x0000026a07023160 WorkerThread "GC Thread#1"                     [id=65804, stack(0x000000f649b00000,0x000000f649c00000) (1024K)]
  0x0000026a02611e60 WorkerThread "GC Thread#2"                     [id=90024, stack(0x000000f649c00000,0x000000f649d00000) (1024K)]
  0x0000026a072c9a90 WorkerThread "GC Thread#3"                     [id=83680, stack(0x000000f649d00000,0x000000f649e00000) (1024K)]
  0x0000026a6b587790 ConcurrentGCThread "G1 Main Marker"            [id=73072, stack(0x000000f648b00000,0x000000f648c00000) (1024K)]
  0x0000026a6b588ab0 WorkerThread "G1 Conc#0"                       [id=88544, stack(0x000000f648c00000,0x000000f648d00000) (1024K)]
  0x0000026a022564e0 ConcurrentGCThread "G1 Refine#0"               [id=91960, stack(0x000000f648d00000,0x000000f648e00000) (1024K)]
  0x0000026a02256d00 ConcurrentGCThread "G1 Service"                [id=90948, stack(0x000000f648e00000,0x000000f648f00000) (1024K)]
Total: 10

Threads with active compile tasks:
C2 CompilerThread0   250576 13534   !   4       com.google.common.cache.LocalCache$Segment::put (439 bytes)
Total: 1

VM state: not at safepoint (normal execution)

VM Mutex/Monitor currently owned by a thread: None

Heap address: 0x0000000080000000, size: 2048 MB, Compressed Oops mode: 32-bit

CDS archive(s) not mapped
Compressed class space mapped at: 0x0000000100000000-0x0000000140000000, reserved size: 1073741824
Narrow klass base: 0x0000000000000000, Narrow klass shift: 3, Narrow klass range: 0x140000000

GC Precious Log:
 CardTable entry size: 512
 Card Set container configuration: InlinePtr #cards 5 size 8 Array Of Cards #cards 12 size 40 Howl #buckets 4 coarsen threshold 1843 Howl Bitmap #cards 512 size 80 coarsen threshold 460 Card regions per heap region 1 cards per card region 2048
 CPUs: 4 total, 4 available
 Memory: 8103M
 Large Page Support: Disabled
 NUMA Support: Disabled
 Compressed Oops: Enabled (32-bit)
 Heap Region Size: 1M
 Heap Min Capacity: 8M
 Heap Initial Capacity: 128M
 Heap Max Capacity: 2G
 Pre-touch: Disabled
 Parallel Workers: 4
 Concurrent Workers: 1
 Concurrent Refinement Workers: 4
 Periodic GC: Disabled

Heap:
 garbage-first heap   total 179200K, used 127158K [0x0000000080000000, 0x0000000100000000)
  region size 1024K, 18 young (18432K), 6 survivors (6144K)
 Metaspace       used 114783K, committed 116928K, reserved 1179648K
  class space    used 15348K, committed 16448K, reserved 1048576K

Heap Regions: E=young(eden), S=young(survivor), O=old, HS=humongous(starts), HC=humongous(continues), CS=collection set, F=free, TAMS=top-at-mark-start, PB=parsable bottom
|   0|0x0000000080000000, 0x0000000080100000, 0x0000000080100000|100%|HS|  |TAMS 0x0000000080000000| PB 0x0000000080000000| Complete 
|   1|0x0000000080100000, 0x0000000080200000, 0x0000000080200000|100%|HC|  |TAMS 0x0000000080100000| PB 0x0000000080100000| Complete 
|   2|0x0000000080200000, 0x0000000080300000, 0x0000000080300000|100%|HC|  |TAMS 0x0000000080200000| PB 0x0000000080200000| Complete 
|   3|0x0000000080300000, 0x0000000080400000, 0x0000000080400000|100%|HC|  |TAMS 0x0000000080300000| PB 0x0000000080300000| Complete 
|   4|0x0000000080400000, 0x0000000080500000, 0x0000000080500000|100%| O|  |TAMS 0x0000000080400000| PB 0x0000000080400000| Untracked 
|   5|0x0000000080500000, 0x0000000080600000, 0x0000000080600000|100%| O|  |TAMS 0x0000000080500000| PB 0x0000000080500000| Untracked 
|   6|0x0000000080600000, 0x0000000080700000, 0x0000000080700000|100%| O|  |TAMS 0x0000000080600000| PB 0x0000000080600000| Untracked 
|   7|0x0000000080700000, 0x0000000080800000, 0x0000000080800000|100%|HS|  |TAMS 0x0000000080700000| PB 0x0000000080700000| Complete 
|   8|0x0000000080800000, 0x0000000080900000, 0x0000000080900000|100%| O|  |TAMS 0x0000000080800000| PB 0x0000000080800000| Untracked 
|   9|0x0000000080900000, 0x0000000080a00000, 0x0000000080a00000|100%| O|  |TAMS 0x0000000080900000| PB 0x0000000080900000| Untracked 
|  10|0x0000000080a00000, 0x0000000080b00000, 0x0000000080b00000|100%| O|  |TAMS 0x0000000080a00000| PB 0x0000000080a00000| Untracked 
|  11|0x0000000080b00000, 0x0000000080c00000, 0x0000000080c00000|100%| O|  |TAMS 0x0000000080b00000| PB 0x0000000080b00000| Untracked 
|  12|0x0000000080c00000, 0x0000000080d00000, 0x0000000080d00000|100%| O|  |TAMS 0x0000000080c00000| PB 0x0000000080c00000| Untracked 
|  13|0x0000000080d00000, 0x0000000080e00000, 0x0000000080e00000|100%| O|  |TAMS 0x0000000080d00000| PB 0x0000000080d00000| Untracked 
|  14|0x0000000080e00000, 0x0000000080f00000, 0x0000000080f00000|100%| O|  |TAMS 0x0000000080e00000| PB 0x0000000080e00000| Untracked 
|  15|0x0000000080f00000, 0x0000000081000000, 0x0000000081000000|100%| O|  |TAMS 0x0000000080f00000| PB 0x0000000080f00000| Untracked 
|  16|0x0000000081000000, 0x0000000081100000, 0x0000000081100000|100%| O|  |TAMS 0x0000000081000000| PB 0x0000000081000000| Untracked 
|  17|0x0000000081100000, 0x0000000081200000, 0x0000000081200000|100%| O|  |TAMS 0x0000000081100000| PB 0x0000000081100000| Untracked 
|  18|0x0000000081200000, 0x0000000081300000, 0x0000000081300000|100%| O|  |TAMS 0x0000000081200000| PB 0x0000000081200000| Untracked 
|  19|0x0000000081300000, 0x0000000081400000, 0x0000000081400000|100%| O|  |TAMS 0x0000000081300000| PB 0x0000000081300000| Untracked 
|  20|0x0000000081400000, 0x0000000081500000, 0x0000000081500000|100%| O|  |TAMS 0x0000000081400000| PB 0x0000000081400000| Untracked 
|  21|0x0000000081500000, 0x0000000081600000, 0x0000000081600000|100%| O|  |TAMS 0x0000000081500000| PB 0x0000000081500000| Untracked 
|  22|0x0000000081600000, 0x0000000081700000, 0x0000000081700000|100%| O|  |TAMS 0x0000000081600000| PB 0x0000000081600000| Untracked 
|  23|0x0000000081700000, 0x0000000081800000, 0x0000000081800000|100%| O|  |TAMS 0x0000000081700000| PB 0x0000000081700000| Untracked 
|  24|0x0000000081800000, 0x0000000081900000, 0x0000000081900000|100%| O|  |TAMS 0x0000000081800000| PB 0x0000000081800000| Untracked 
|  25|0x0000000081900000, 0x0000000081a00000, 0x0000000081a00000|100%| O|  |TAMS 0x0000000081900000| PB 0x0000000081900000| Untracked 
|  26|0x0000000081a00000, 0x0000000081a00000, 0x0000000081b00000|  0%| F|  |TAMS 0x0000000081a00000| PB 0x0000000081a00000| Untracked 
|  27|0x0000000081b00000, 0x0000000081c00000, 0x0000000081c00000|100%| O|  |TAMS 0x0000000081b00000| PB 0x0000000081b00000| Untracked 
|  28|0x0000000081c00000, 0x0000000081d00000, 0x0000000081d00000|100%| O|  |TAMS 0x0000000081c00000| PB 0x0000000081c00000| Untracked 
|  29|0x0000000081d00000, 0x0000000081e00000, 0x0000000081e00000|100%| O|  |TAMS 0x0000000081d00000| PB 0x0000000081d00000| Untracked 
|  30|0x0000000081e00000, 0x0000000081f00000, 0x0000000081f00000|100%| O|  |TAMS 0x0000000081e00000| PB 0x0000000081e00000| Untracked 
|  31|0x0000000081f00000, 0x0000000082000000, 0x0000000082000000|100%| O|  |TAMS 0x0000000081f00000| PB 0x0000000081f00000| Untracked 
|  32|0x0000000082000000, 0x0000000082100000, 0x0000000082100000|100%| O|  |TAMS 0x0000000082000000| PB 0x0000000082000000| Untracked 
|  33|0x0000000082100000, 0x0000000082200000, 0x0000000082200000|100%| O|  |TAMS 0x0000000082100000| PB 0x0000000082100000| Untracked 
|  34|0x0000000082200000, 0x0000000082300000, 0x0000000082300000|100%| O|  |TAMS 0x0000000082200000| PB 0x0000000082200000| Untracked 
|  35|0x0000000082300000, 0x0000000082400000, 0x0000000082400000|100%| O|  |TAMS 0x0000000082300000| PB 0x0000000082300000| Untracked 
|  36|0x0000000082400000, 0x0000000082500000, 0x0000000082500000|100%| O|  |TAMS 0x0000000082400000| PB 0x0000000082400000| Untracked 
|  37|0x0000000082500000, 0x0000000082600000, 0x0000000082600000|100%| O|  |TAMS 0x0000000082500000| PB 0x0000000082500000| Untracked 
|  38|0x0000000082600000, 0x0000000082700000, 0x0000000082700000|100%| O|  |TAMS 0x0000000082600000| PB 0x0000000082600000| Untracked 
|  39|0x0000000082700000, 0x0000000082800000, 0x0000000082800000|100%| O|  |TAMS 0x0000000082700000| PB 0x0000000082700000| Untracked 
|  40|0x0000000082800000, 0x0000000082900000, 0x0000000082900000|100%| O|  |TAMS 0x0000000082800000| PB 0x0000000082800000| Untracked 
|  41|0x0000000082900000, 0x0000000082a00000, 0x0000000082a00000|100%| O|  |TAMS 0x0000000082900000| PB 0x0000000082900000| Untracked 
|  42|0x0000000082a00000, 0x0000000082b00000, 0x0000000082b00000|100%| O|  |TAMS 0x0000000082a00000| PB 0x0000000082a00000| Untracked 
|  43|0x0000000082b00000, 0x0000000082c00000, 0x0000000082c00000|100%|HS|  |TAMS 0x0000000082b00000| PB 0x0000000082b00000| Complete 
|  44|0x0000000082c00000, 0x0000000082d00000, 0x0000000082d00000|100%| O|  |TAMS 0x0000000082c00000| PB 0x0000000082c00000| Untracked 
|  45|0x0000000082d00000, 0x0000000082e00000, 0x0000000082e00000|100%| O|  |TAMS 0x0000000082d00000| PB 0x0000000082d00000| Untracked 
|  46|0x0000000082e00000, 0x0000000082f00000, 0x0000000082f00000|100%| O|  |TAMS 0x0000000082e00000| PB 0x0000000082e00000| Untracked 
|  47|0x0000000082f00000, 0x0000000083000000, 0x0000000083000000|100%| O|  |TAMS 0x0000000082f00000| PB 0x0000000082f00000| Untracked 
|  48|0x0000000083000000, 0x0000000083100000, 0x0000000083100000|100%| O|  |TAMS 0x0000000083000000| PB 0x0000000083000000| Untracked 
|  49|0x0000000083100000, 0x0000000083200000, 0x0000000083200000|100%| O|  |TAMS 0x0000000083100000| PB 0x0000000083100000| Untracked 
|  50|0x0000000083200000, 0x0000000083300000, 0x0000000083300000|100%| O|  |TAMS 0x0000000083200000| PB 0x0000000083200000| Untracked 
|  51|0x0000000083300000, 0x0000000083400000, 0x0000000083400000|100%|HS|  |TAMS 0x0000000083300000| PB 0x0000000083300000| Complete 
|  52|0x0000000083400000, 0x0000000083500000, 0x0000000083500000|100%|HC|  |TAMS 0x0000000083400000| PB 0x0000000083400000| Complete 
|  53|0x0000000083500000, 0x0000000083600000, 0x0000000083600000|100%|HS|  |TAMS 0x0000000083500000| PB 0x0000000083500000| Complete 
|  54|0x0000000083600000, 0x0000000083700000, 0x0000000083700000|100%|HS|  |TAMS 0x0000000083600000| PB 0x0000000083600000| Complete 
|  55|0x0000000083700000, 0x0000000083800000, 0x0000000083800000|100%|HC|  |TAMS 0x0000000083700000| PB 0x0000000083700000| Complete 
|  56|0x0000000083800000, 0x0000000083900000, 0x0000000083900000|100%|HS|  |TAMS 0x0000000083800000| PB 0x0000000083800000| Complete 
|  57|0x0000000083900000, 0x0000000083a00000, 0x0000000083a00000|100%|HS|  |TAMS 0x0000000083900000| PB 0x0000000083900000| Complete 
|  58|0x0000000083a00000, 0x0000000083b00000, 0x0000000083b00000|100%|HC|  |TAMS 0x0000000083a00000| PB 0x0000000083a00000| Complete 
|  59|0x0000000083b00000, 0x0000000083c00000, 0x0000000083c00000|100%|HC|  |TAMS 0x0000000083b00000| PB 0x0000000083b00000| Complete 
|  60|0x0000000083c00000, 0x0000000083d00000, 0x0000000083d00000|100%|HC|  |TAMS 0x0000000083c00000| PB 0x0000000083c00000| Complete 
|  61|0x0000000083d00000, 0x0000000083e00000, 0x0000000083e00000|100%|HS|  |TAMS 0x0000000083d00000| PB 0x0000000083d00000| Complete 
|  62|0x0000000083e00000, 0x0000000083f00000, 0x0000000083f00000|100%|HS|  |TAMS 0x0000000083e00000| PB 0x0000000083e00000| Complete 
|  63|0x0000000083f00000, 0x0000000084000000, 0x0000000084000000|100%|HS|  |TAMS 0x0000000083f00000| PB 0x0000000083f00000| Complete 
|  64|0x0000000084000000, 0x0000000084100000, 0x0000000084100000|100%| O|  |TAMS 0x0000000084000000| PB 0x0000000084000000| Untracked 
|  65|0x0000000084100000, 0x0000000084200000, 0x0000000084200000|100%|HS|  |TAMS 0x0000000084100000| PB 0x0000000084100000| Complete 
|  66|0x0000000084200000, 0x0000000084300000, 0x0000000084300000|100%| O|  |TAMS 0x0000000084200000| PB 0x0000000084200000| Untracked 
|  67|0x0000000084300000, 0x0000000084400000, 0x0000000084400000|100%| O|  |TAMS 0x0000000084300000| PB 0x0000000084300000| Untracked 
|  68|0x0000000084400000, 0x0000000084500000, 0x0000000084500000|100%| O|  |TAMS 0x0000000084400000| PB 0x0000000084400000| Untracked 
|  69|0x0000000084500000, 0x0000000084600000, 0x0000000084600000|100%| O|  |TAMS 0x0000000084500000| PB 0x0000000084500000| Untracked 
|  70|0x0000000084600000, 0x0000000084700000, 0x0000000084700000|100%| O|  |TAMS 0x0000000084600000| PB 0x0000000084600000| Untracked 
|  71|0x0000000084700000, 0x0000000084800000, 0x0000000084800000|100%| O|  |TAMS 0x0000000084700000| PB 0x0000000084700000| Untracked 
|  72|0x0000000084800000, 0x0000000084900000, 0x0000000084900000|100%| O|  |TAMS 0x0000000084800000| PB 0x0000000084800000| Untracked 
|  73|0x0000000084900000, 0x0000000084a00000, 0x0000000084a00000|100%| O|  |TAMS 0x0000000084900000| PB 0x0000000084900000| Untracked 
|  74|0x0000000084a00000, 0x0000000084b00000, 0x0000000084b00000|100%| O|  |TAMS 0x0000000084a00000| PB 0x0000000084a00000| Untracked 
|  75|0x0000000084b00000, 0x0000000084c00000, 0x0000000084c00000|100%|HS|  |TAMS 0x0000000084b00000| PB 0x0000000084b00000| Complete 
|  76|0x0000000084c00000, 0x0000000084d00000, 0x0000000084d00000|100%|HC|  |TAMS 0x0000000084c00000| PB 0x0000000084c00000| Complete 
|  77|0x0000000084d00000, 0x0000000084e00000, 0x0000000084e00000|100%|HC|  |TAMS 0x0000000084d00000| PB 0x0000000084d00000| Complete 
|  78|0x0000000084e00000, 0x0000000084f00000, 0x0000000084f00000|100%|HC|  |TAMS 0x0000000084e00000| PB 0x0000000084e00000| Complete 
|  79|0x0000000084f00000, 0x0000000085000000, 0x0000000085000000|100%| O|  |TAMS 0x0000000084f00000| PB 0x0000000084f00000| Untracked 
|  80|0x0000000085000000, 0x0000000085100000, 0x0000000085100000|100%| O|  |TAMS 0x0000000085000000| PB 0x0000000085000000| Untracked 
|  81|0x0000000085100000, 0x0000000085200000, 0x0000000085200000|100%| O|  |TAMS 0x0000000085100000| PB 0x0000000085100000| Untracked 
|  82|0x0000000085200000, 0x0000000085300000, 0x0000000085300000|100%| O|  |TAMS 0x0000000085200000| PB 0x0000000085200000| Untracked 
|  83|0x0000000085300000, 0x0000000085400000, 0x0000000085400000|100%| O|  |TAMS 0x0000000085300000| PB 0x0000000085300000| Untracked 
|  84|0x0000000085400000, 0x0000000085500000, 0x0000000085500000|100%| O|  |TAMS 0x0000000085400000| PB 0x0000000085400000| Untracked 
|  85|0x0000000085500000, 0x0000000085600000, 0x0000000085600000|100%| O|  |TAMS 0x0000000085500000| PB 0x0000000085500000| Untracked 
|  86|0x0000000085600000, 0x0000000085700000, 0x0000000085700000|100%| O|  |TAMS 0x0000000085600000| PB 0x0000000085600000| Untracked 
|  87|0x0000000085700000, 0x0000000085800000, 0x0000000085800000|100%| O|  |TAMS 0x0000000085700000| PB 0x0000000085700000| Untracked 
|  88|0x0000000085800000, 0x0000000085900000, 0x0000000085900000|100%| O|  |TAMS 0x0000000085800000| PB 0x0000000085800000| Untracked 
|  89|0x0000000085900000, 0x0000000085a00000, 0x0000000085a00000|100%| O|  |TAMS 0x0000000085900000| PB 0x0000000085900000| Untracked 
|  90|0x0000000085a00000, 0x0000000085b00000, 0x0000000085b00000|100%| O|  |TAMS 0x0000000085a00000| PB 0x0000000085a00000| Untracked 
|  91|0x0000000085b00000, 0x0000000085b00000, 0x0000000085c00000|  0%| F|  |TAMS 0x0000000085b00000| PB 0x0000000085b00000| Untracked 
|  92|0x0000000085c00000, 0x0000000085d00000, 0x0000000085d00000|100%| O|  |TAMS 0x0000000085c00000| PB 0x0000000085c00000| Untracked 
|  93|0x0000000085d00000, 0x0000000085e00000, 0x0000000085e00000|100%| O|  |TAMS 0x0000000085d00000| PB 0x0000000085d00000| Untracked 
|  94|0x0000000085e00000, 0x0000000085f00000, 0x0000000085f00000|100%| O|  |TAMS 0x0000000085e00000| PB 0x0000000085e00000| Untracked 
|  95|0x0000000085f00000, 0x0000000086000000, 0x0000000086000000|100%| O|  |TAMS 0x0000000085f00000| PB 0x0000000085f00000| Untracked 
|  96|0x0000000086000000, 0x0000000086100000, 0x0000000086100000|100%| O|  |TAMS 0x0000000086000000| PB 0x0000000086000000| Untracked 
|  97|0x0000000086100000, 0x0000000086200000, 0x0000000086200000|100%| O|  |TAMS 0x0000000086100000| PB 0x0000000086100000| Untracked 
|  98|0x0000000086200000, 0x0000000086300000, 0x0000000086300000|100%| O|  |TAMS 0x0000000086200000| PB 0x0000000086200000| Untracked 
|  99|0x0000000086300000, 0x0000000086400000, 0x0000000086400000|100%| O|  |TAMS 0x0000000086300000| PB 0x0000000086300000| Untracked 
| 100|0x0000000086400000, 0x0000000086500000, 0x0000000086500000|100%| O|  |TAMS 0x0000000086400000| PB 0x0000000086400000| Untracked 
| 101|0x0000000086500000, 0x0000000086600000, 0x0000000086600000|100%| O|  |TAMS 0x0000000086500000| PB 0x0000000086500000| Untracked 
| 102|0x0000000086600000, 0x0000000086700000, 0x0000000086700000|100%| O|  |TAMS 0x0000000086600000| PB 0x0000000086600000| Untracked 
| 103|0x0000000086700000, 0x0000000086800000, 0x0000000086800000|100%| O|  |TAMS 0x0000000086700000| PB 0x0000000086700000| Untracked 
| 104|0x0000000086800000, 0x0000000086900000, 0x0000000086900000|100%| O|  |TAMS 0x0000000086800000| PB 0x0000000086800000| Untracked 
| 105|0x0000000086900000, 0x0000000086a00000, 0x0000000086a00000|100%| O|  |TAMS 0x0000000086900000| PB 0x0000000086900000| Untracked 
| 106|0x0000000086a00000, 0x0000000086ae8a00, 0x0000000086b00000| 90%| O|  |TAMS 0x0000000086a00000| PB 0x0000000086a00000| Untracked 
| 107|0x0000000086b00000, 0x0000000086b00000, 0x0000000086c00000|  0%| F|  |TAMS 0x0000000086b00000| PB 0x0000000086b00000| Untracked 
| 108|0x0000000086c00000, 0x0000000086c00000, 0x0000000086d00000|  0%| F|  |TAMS 0x0000000086c00000| PB 0x0000000086c00000| Untracked 
| 109|0x0000000086d00000, 0x0000000086d00000, 0x0000000086e00000|  0%| F|  |TAMS 0x0000000086d00000| PB 0x0000000086d00000| Untracked 
| 110|0x0000000086e00000, 0x0000000086e44fa0, 0x0000000086f00000| 26%| S|CS|TAMS 0x0000000086e00000| PB 0x0000000086e00000| Complete 
| 111|0x0000000086f00000, 0x0000000087000000, 0x0000000087000000|100%| S|CS|TAMS 0x0000000086f00000| PB 0x0000000086f00000| Complete 
| 112|0x0000000087000000, 0x0000000087100000, 0x0000000087100000|100%| O|  |TAMS 0x0000000087000000| PB 0x0000000087000000| Untracked 
| 113|0x0000000087100000, 0x0000000087200000, 0x0000000087200000|100%| O|  |TAMS 0x0000000087100000| PB 0x0000000087100000| Untracked 
| 114|0x0000000087200000, 0x0000000087300000, 0x0000000087300000|100%| S|CS|TAMS 0x0000000087200000| PB 0x0000000087200000| Complete 
| 115|0x0000000087300000, 0x0000000087400000, 0x0000000087400000|100%| S|CS|TAMS 0x0000000087300000| PB 0x0000000087300000| Complete 
| 116|0x0000000087400000, 0x0000000087500000, 0x0000000087500000|100%| S|CS|TAMS 0x0000000087400000| PB 0x0000000087400000| Complete 
| 117|0x0000000087500000, 0x0000000087600000, 0x0000000087600000|100%| S|CS|TAMS 0x0000000087500000| PB 0x0000000087500000| Complete 
| 118|0x0000000087600000, 0x0000000087600000, 0x0000000087700000|  0%| F|  |TAMS 0x0000000087600000| PB 0x0000000087600000| Untracked 
| 119|0x0000000087700000, 0x0000000087700000, 0x0000000087800000|  0%| F|  |TAMS 0x0000000087700000| PB 0x0000000087700000| Untracked 
| 120|0x0000000087800000, 0x0000000087800000, 0x0000000087900000|  0%| F|  |TAMS 0x0000000087800000| PB 0x0000000087800000| Untracked 
| 121|0x0000000087900000, 0x0000000087900000, 0x0000000087a00000|  0%| F|  |TAMS 0x0000000087900000| PB 0x0000000087900000| Untracked 
| 122|0x0000000087a00000, 0x0000000087a00000, 0x0000000087b00000|  0%| F|  |TAMS 0x0000000087a00000| PB 0x0000000087a00000| Untracked 
| 123|0x0000000087b00000, 0x0000000087b00000, 0x0000000087c00000|  0%| F|  |TAMS 0x0000000087b00000| PB 0x0000000087b00000| Untracked 
| 124|0x0000000087c00000, 0x0000000087c00000, 0x0000000087d00000|  0%| F|  |TAMS 0x0000000087c00000| PB 0x0000000087c00000| Untracked 
| 125|0x0000000087d00000, 0x0000000087d00000, 0x0000000087e00000|  0%| F|  |TAMS 0x0000000087d00000| PB 0x0000000087d00000| Untracked 
| 126|0x0000000087e00000, 0x0000000087e00000, 0x0000000087f00000|  0%| F|  |TAMS 0x0000000087e00000| PB 0x0000000087e00000| Untracked 
| 127|0x0000000087f00000, 0x0000000087f00000, 0x0000000088000000|  0%| F|  |TAMS 0x0000000087f00000| PB 0x0000000087f00000| Untracked 
| 128|0x0000000088000000, 0x0000000088000000, 0x0000000088100000|  0%| F|  |TAMS 0x0000000088000000| PB 0x0000000088000000| Untracked 
| 129|0x0000000088100000, 0x0000000088100000, 0x0000000088200000|  0%| F|  |TAMS 0x0000000088100000| PB 0x0000000088100000| Untracked 
| 130|0x0000000088200000, 0x0000000088200000, 0x0000000088300000|  0%| F|  |TAMS 0x0000000088200000| PB 0x0000000088200000| Untracked 
| 131|0x0000000088300000, 0x0000000088300000, 0x0000000088400000|  0%| F|  |TAMS 0x0000000088300000| PB 0x0000000088300000| Untracked 
| 132|0x0000000088400000, 0x0000000088400000, 0x0000000088500000|  0%| F|  |TAMS 0x0000000088400000| PB 0x0000000088400000| Untracked 
| 133|0x0000000088500000, 0x0000000088500000, 0x0000000088600000|  0%| F|  |TAMS 0x0000000088500000| PB 0x0000000088500000| Untracked 
| 134|0x0000000088600000, 0x0000000088600000, 0x0000000088700000|  0%| F|  |TAMS 0x0000000088600000| PB 0x0000000088600000| Untracked 
| 135|0x0000000088700000, 0x0000000088700000, 0x0000000088800000|  0%| F|  |TAMS 0x0000000088700000| PB 0x0000000088700000| Untracked 
| 136|0x0000000088800000, 0x0000000088800000, 0x0000000088900000|  0%| F|  |TAMS 0x0000000088800000| PB 0x0000000088800000| Untracked 
| 137|0x0000000088900000, 0x0000000088900000, 0x0000000088a00000|  0%| F|  |TAMS 0x0000000088900000| PB 0x0000000088900000| Untracked 
| 138|0x0000000088a00000, 0x0000000088a00000, 0x0000000088b00000|  0%| F|  |TAMS 0x0000000088a00000| PB 0x0000000088a00000| Untracked 
| 139|0x0000000088b00000, 0x0000000088b00000, 0x0000000088c00000|  0%| F|  |TAMS 0x0000000088b00000| PB 0x0000000088b00000| Untracked 
| 140|0x0000000088c00000, 0x0000000088c00000, 0x0000000088d00000|  0%| F|  |TAMS 0x0000000088c00000| PB 0x0000000088c00000| Untracked 
| 141|0x0000000088d00000, 0x0000000088d00000, 0x0000000088e00000|  0%| F|  |TAMS 0x0000000088d00000| PB 0x0000000088d00000| Untracked 
| 142|0x0000000088e00000, 0x0000000088e00000, 0x0000000088f00000|  0%| F|  |TAMS 0x0000000088e00000| PB 0x0000000088e00000| Untracked 
| 143|0x0000000088f00000, 0x0000000088f00000, 0x0000000089000000|  0%| F|  |TAMS 0x0000000088f00000| PB 0x0000000088f00000| Untracked 
| 144|0x0000000089000000, 0x0000000089000000, 0x0000000089100000|  0%| F|  |TAMS 0x0000000089000000| PB 0x0000000089000000| Untracked 
| 145|0x0000000089100000, 0x0000000089100000, 0x0000000089200000|  0%| F|  |TAMS 0x0000000089100000| PB 0x0000000089100000| Untracked 
| 146|0x0000000089200000, 0x0000000089200000, 0x0000000089300000|  0%| F|  |TAMS 0x0000000089200000| PB 0x0000000089200000| Untracked 
| 147|0x0000000089300000, 0x0000000089300000, 0x0000000089400000|  0%| F|  |TAMS 0x0000000089300000| PB 0x0000000089300000| Untracked 
| 148|0x0000000089400000, 0x0000000089400000, 0x0000000089500000|  0%| F|  |TAMS 0x0000000089400000| PB 0x0000000089400000| Untracked 
| 149|0x0000000089500000, 0x0000000089500000, 0x0000000089600000|  0%| F|  |TAMS 0x0000000089500000| PB 0x0000000089500000| Untracked 
| 150|0x0000000089600000, 0x0000000089600000, 0x0000000089700000|  0%| F|  |TAMS 0x0000000089600000| PB 0x0000000089600000| Untracked 
| 151|0x0000000089700000, 0x0000000089700000, 0x0000000089800000|  0%| F|  |TAMS 0x0000000089700000| PB 0x0000000089700000| Untracked 
| 152|0x0000000089800000, 0x0000000089800000, 0x0000000089900000|  0%| F|  |TAMS 0x0000000089800000| PB 0x0000000089800000| Untracked 
| 153|0x0000000089900000, 0x0000000089900000, 0x0000000089a00000|  0%| F|  |TAMS 0x0000000089900000| PB 0x0000000089900000| Untracked 
| 154|0x0000000089a00000, 0x0000000089a00000, 0x0000000089b00000|  0%| F|  |TAMS 0x0000000089a00000| PB 0x0000000089a00000| Untracked 
| 155|0x0000000089b00000, 0x0000000089b00000, 0x0000000089c00000|  0%| F|  |TAMS 0x0000000089b00000| PB 0x0000000089b00000| Untracked 
| 156|0x0000000089c00000, 0x0000000089c00000, 0x0000000089d00000|  0%| F|  |TAMS 0x0000000089c00000| PB 0x0000000089c00000| Untracked 
| 157|0x0000000089d00000, 0x0000000089d00000, 0x0000000089e00000|  0%| F|  |TAMS 0x0000000089d00000| PB 0x0000000089d00000| Untracked 
| 158|0x0000000089e00000, 0x0000000089e00000, 0x0000000089f00000|  0%| F|  |TAMS 0x0000000089e00000| PB 0x0000000089e00000| Untracked 
| 159|0x0000000089f00000, 0x0000000089f00000, 0x000000008a000000|  0%| F|  |TAMS 0x0000000089f00000| PB 0x0000000089f00000| Untracked 
| 160|0x000000008a000000, 0x000000008a000000, 0x000000008a100000|  0%| F|  |TAMS 0x000000008a000000| PB 0x000000008a000000| Untracked 
| 161|0x000000008a100000, 0x000000008a100000, 0x000000008a200000|  0%| F|  |TAMS 0x000000008a100000| PB 0x000000008a100000| Untracked 
| 162|0x000000008a200000, 0x000000008a24b680, 0x000000008a300000| 29%| E|  |TAMS 0x000000008a200000| PB 0x000000008a200000| Complete 
| 163|0x000000008a300000, 0x000000008a400000, 0x000000008a400000|100%| E|CS|TAMS 0x000000008a300000| PB 0x000000008a300000| Complete 
| 164|0x000000008a400000, 0x000000008a500000, 0x000000008a500000|100%| E|CS|TAMS 0x000000008a400000| PB 0x000000008a400000| Complete 
| 165|0x000000008a500000, 0x000000008a600000, 0x000000008a600000|100%| E|CS|TAMS 0x000000008a500000| PB 0x000000008a500000| Complete 
| 166|0x000000008a600000, 0x000000008a700000, 0x000000008a700000|100%| E|CS|TAMS 0x000000008a600000| PB 0x000000008a600000| Complete 
| 167|0x000000008a700000, 0x000000008a800000, 0x000000008a800000|100%| E|CS|TAMS 0x000000008a700000| PB 0x000000008a700000| Complete 
| 168|0x000000008a800000, 0x000000008a900000, 0x000000008a900000|100%| E|CS|TAMS 0x000000008a800000| PB 0x000000008a800000| Complete 
| 169|0x000000008a900000, 0x000000008aa00000, 0x000000008aa00000|100%| E|CS|TAMS 0x000000008a900000| PB 0x000000008a900000| Complete 
| 170|0x000000008aa00000, 0x000000008ab00000, 0x000000008ab00000|100%| E|CS|TAMS 0x000000008aa00000| PB 0x000000008aa00000| Complete 
|2044|0x00000000ffc00000, 0x00000000ffd00000, 0x00000000ffd00000|100%| E|CS|TAMS 0x00000000ffc00000| PB 0x00000000ffc00000| Complete 
|2045|0x00000000ffd00000, 0x00000000ffe00000, 0x00000000ffe00000|100%| E|CS|TAMS 0x00000000ffd00000| PB 0x00000000ffd00000| Complete 
|2046|0x00000000ffe00000, 0x00000000fff00000, 0x00000000fff00000|100%| E|CS|TAMS 0x00000000ffe00000| PB 0x00000000ffe00000| Complete 
|2047|0x00000000fff00000, 0x0000000100000000, 0x0000000100000000|100%| O|  |TAMS 0x00000000fff00000| PB 0x00000000fff00000| Untracked 

Card table byte_map: [0x0000026a7da70000,0x0000026a7de70000] _byte_map_base: 0x0000026a7d670000

Marking Bits: (CMBitMap*) 0x0000026a6b576d40
 Bits: [0x0000026a7de70000, 0x0000026a7fe70000)

Polling page: 0x0000026a69480000

Metaspace:

Usage:
  Non-class:     97.10 MB used.
      Class:     14.99 MB used.
       Both:    112.09 MB used.

Virtual space:
  Non-class space:      128.00 MB reserved,      98.12 MB ( 77%) committed,  2 nodes.
      Class space:        1.00 GB reserved,      16.06 MB (  2%) committed,  1 nodes.
             Both:        1.12 GB reserved,     114.19 MB ( 10%) committed. 

Chunk freelists:
   Non-Class:  13.64 MB
       Class:  15.85 MB
        Both:  29.49 MB

MaxMetaspaceSize: unlimited
CompressedClassSpaceSize: 1.00 GB
Initial GC threshold: 21.00 MB
Current GC threshold: 183.69 MB
CDS: off
 - commit_granule_bytes: 65536.
 - commit_granule_words: 8192.
 - virtual_space_node_default_size: 8388608.
 - enlarge_chunks_in_place: 1.
 - use_allocation_guard: 0.


Internal statistics:

num_allocs_failed_limit: 6.
num_arena_births: 4052.
num_arena_deaths: 0.
num_vsnodes_births: 3.
num_vsnodes_deaths: 0.
num_space_committed: 1826.
num_space_uncommitted: 0.
num_chunks_returned_to_freelist: 6.
num_chunks_taken_from_freelist: 8825.
num_chunk_merges: 6.
num_chunk_splits: 5800.
num_chunks_enlarged: 3693.
num_inconsistent_stats: 0.

CodeHeap 'non-profiled nmethods': size=120000Kb used=7224Kb max_used=7224Kb free=112775Kb
 bounds [0x0000026a76140000, 0x0000026a76850000, 0x0000026a7d670000]
CodeHeap 'profiled nmethods': size=120000Kb used=22238Kb max_used=22238Kb free=97761Kb
 bounds [0x0000026a6e670000, 0x0000026a6fc30000, 0x0000026a75ba0000]
CodeHeap 'non-nmethods': size=5760Kb used=2879Kb max_used=2989Kb free=2880Kb
 bounds [0x0000026a75ba0000, 0x0000026a75ea0000, 0x0000026a76140000]
 total_blobs=12597 nmethods=11599 adapters=902
 compilation: enabled
              stopped_count=0, restarted_count=0
 full_count=0

Compilation events (20 events):
Event: 247.798 Thread 0x0000026a025a3910 nmethod 13523 0x0000026a7684bc90 code [0x0000026a7684be20, 0x0000026a7684bed0]
Event: 247.799 Thread 0x0000026a025a3910 13524       1       org.gradle.internal.time.ExponentialBackoff::getSignal (5 bytes)
Event: 247.799 Thread 0x0000026a025a3910 nmethod 13524 0x0000026a7684bf90 code [0x0000026a7684c120, 0x0000026a7684c1e8]
Event: 247.874 Thread 0x0000026a025a3910 13525       3       java.nio.channels.FileLock::<init> (86 bytes)
Event: 247.875 Thread 0x0000026a025a3910 nmethod 13525 0x0000026a6fc23f10 code [0x0000026a6fc24120, 0x0000026a6fc24770]
Event: 248.150 Thread 0x0000026a025a3910 13526       3       sun.nio.ch.FileDispatcherImpl::lock (11 bytes)
Event: 248.155 Thread 0x0000026a025a3910 nmethod 13526 0x0000026a6fc24990 code [0x0000026a6fc24b40, 0x0000026a6fc24c88]
Event: 248.168 Thread 0x0000026a025a26d0 13528       4       java.util.stream.Collectors$$Lambda/0x00000001001375b8::get (8 bytes)
Event: 248.170 Thread 0x0000026a025a26d0 nmethod 13528 0x0000026a7684c690 code [0x0000026a7684c820, 0x0000026a7684c910]
Event: 248.393 Thread 0x0000026a025a3910 13529   !   3       sun.nio.ch.FileChannelImpl::tryLock (253 bytes)
Event: 248.395 Thread 0x0000026a025a3910 nmethod 13529 0x0000026a6fc24d90 code [0x0000026a6fc250e0, 0x0000026a6fc26068]
Event: 248.395 Thread 0x0000026a025a3910 13530   !   3       sun.nio.ch.FileLockTable::removeStaleEntries (71 bytes)
Event: 248.396 Thread 0x0000026a025a3910 nmethod 13530 0x0000026a6fc26910 code [0x0000026a6fc26b20, 0x0000026a6fc27250]
Event: 249.480 Thread 0x0000026a025a3910 13531       3       org.gradle.cache.internal.filelock.FileLockOutcome::<init> (5 bytes)
Event: 249.480 Thread 0x0000026a025a3910 nmethod 13531 0x0000026a6fc27510 code [0x0000026a6fc276a0, 0x0000026a6fc27808]
Event: 249.481 Thread 0x0000026a025a26d0 13532 % !   4       com.google.common.cache.LocalCache$Segment::clear @ 169 (261 bytes)
Event: 249.502 Thread 0x0000026a025a26d0 nmethod 13532% 0x0000026a7684ca10 code [0x0000026a7684cca0, 0x0000026a7684d4c0]
Event: 249.502 Thread 0x0000026a025a26d0 13533       4       org.gradle.cache.internal.LoggingEvictionListener::onRemoval (98 bytes)
Event: 249.503 Thread 0x0000026a025a26d0 nmethod 13533 0x0000026a7684de90 code [0x0000026a7684e020, 0x0000026a7684e0e8]
Event: 250.411 Thread 0x0000026a025a26d0 13534   !   4       com.google.common.cache.LocalCache$Segment::put (439 bytes)

GC Heap History (20 events):
Event: 190.735 GC heap before
{Heap before GC invocations=47 (full 0):
 garbage-first heap   total 143360K, used 127660K [0x0000000080000000, 0x0000000100000000)
  region size 1024K, 42 young (43008K), 3 survivors (3072K)
 Metaspace       used 89993K, committed 91904K, reserved 1179648K
  class space    used 11882K, committed 12864K, reserved 1048576K
}
Event: 190.748 GC heap after
{Heap after GC invocations=48 (full 0):
 garbage-first heap   total 143360K, used 89208K [0x0000000080000000, 0x0000000100000000)
  region size 1024K, 5 young (5120K), 5 survivors (5120K)
 Metaspace       used 89993K, committed 91904K, reserved 1179648K
  class space    used 11882K, committed 12864K, reserved 1048576K
}
Event: 194.368 GC heap before
{Heap before GC invocations=48 (full 0):
 garbage-first heap   total 143360K, used 128120K [0x0000000080000000, 0x0000000100000000)
  region size 1024K, 43 young (44032K), 5 survivors (5120K)
 Metaspace       used 90297K, committed 92160K, reserved 1179648K
  class space    used 11928K, committed 12864K, reserved 1048576K
}
Event: 194.382 GC heap after
{Heap after GC invocations=49 (full 0):
 garbage-first heap   total 143360K, used 93012K [0x0000000080000000, 0x0000000100000000)
  region size 1024K, 6 young (6144K), 6 survivors (6144K)
 Metaspace       used 90297K, committed 92160K, reserved 1179648K
  class space    used 11928K, committed 12864K, reserved 1048576K
}
Event: 198.010 GC heap before
{Heap before GC invocations=50 (full 0):
 garbage-first heap   total 155648K, used 127828K [0x0000000080000000, 0x0000000100000000)
  region size 1024K, 40 young (40960K), 6 survivors (6144K)
 Metaspace       used 92527K, committed 94464K, reserved 1179648K
  class space    used 12219K, committed 13184K, reserved 1048576K
}
Event: 198.031 GC heap after
{Heap after GC invocations=51 (full 0):
 garbage-first heap   total 155648K, used 95010K [0x0000000080000000, 0x0000000100000000)
  region size 1024K, 3 young (3072K), 3 survivors (3072K)
 Metaspace       used 92527K, committed 94464K, reserved 1179648K
  class space    used 12219K, committed 13184K, reserved 1048576K
}
Event: 200.685 GC heap before
{Heap before GC invocations=51 (full 0):
 garbage-first heap   total 155648K, used 140066K [0x0000000080000000, 0x0000000100000000)
  region size 1024K, 46 young (47104K), 3 survivors (3072K)
 Metaspace       used 95923K, committed 97856K, reserved 1179648K
  class space    used 12761K, committed 13760K, reserved 1048576K
}
Event: 200.700 GC heap after
{Heap after GC invocations=52 (full 0):
 garbage-first heap   total 155648K, used 95756K [0x0000000080000000, 0x0000000100000000)
  region size 1024K, 4 young (4096K), 4 survivors (4096K)
 Metaspace       used 95923K, committed 97856K, reserved 1179648K
  class space    used 12761K, committed 13760K, reserved 1048576K
}
Event: 203.518 GC heap before
{Heap before GC invocations=52 (full 0):
 garbage-first heap   total 155648K, used 141836K [0x0000000080000000, 0x0000000100000000)
  region size 1024K, 49 young (50176K), 4 survivors (4096K)
 Metaspace       used 99567K, committed 101568K, reserved 1179648K
  class space    used 13339K, committed 14336K, reserved 1048576K
}
Event: 203.529 GC heap after
{Heap after GC invocations=53 (full 0):
 garbage-first heap   total 155648K, used 97745K [0x0000000080000000, 0x0000000100000000)
  region size 1024K, 6 young (6144K), 6 survivors (6144K)
 Metaspace       used 99567K, committed 101568K, reserved 1179648K
  class space    used 13339K, committed 14336K, reserved 1048576K
}
Event: 207.360 GC heap before
{Heap before GC invocations=54 (full 0):
 garbage-first heap   total 163840K, used 140753K [0x0000000080000000, 0x0000000100000000)
  region size 1024K, 48 young (49152K), 6 survivors (6144K)
 Metaspace       used 102516K, committed 104576K, reserved 1179648K
  class space    used 13806K, committed 14848K, reserved 1048576K
}
Event: 207.377 GC heap after
{Heap after GC invocations=55 (full 0):
 garbage-first heap   total 163840K, used 100409K [0x0000000080000000, 0x0000000100000000)
  region size 1024K, 5 young (5120K), 5 survivors (5120K)
 Metaspace       used 102516K, committed 104576K, reserved 1179648K
  class space    used 13806K, committed 14848K, reserved 1048576K
}
Event: 214.435 GC heap before
{Heap before GC invocations=55 (full 0):
 garbage-first heap   total 163840K, used 149561K [0x0000000080000000, 0x0000000100000000)
  region size 1024K, 53 young (54272K), 5 survivors (5120K)
 Metaspace       used 106428K, committed 108544K, reserved 1179648K
  class space    used 14396K, committed 15424K, reserved 1048576K
}
Event: 214.450 GC heap after
{Heap after GC invocations=56 (full 0):
 garbage-first heap   total 163840K, used 102052K [0x0000000080000000, 0x0000000100000000)
  region size 1024K, 5 young (5120K), 5 survivors (5120K)
 Metaspace       used 106428K, committed 108544K, reserved 1179648K
  class space    used 14396K, committed 15424K, reserved 1048576K
}
Event: 217.319 GC heap before
{Heap before GC invocations=56 (full 0):
 garbage-first heap   total 163840K, used 149156K [0x0000000080000000, 0x0000000100000000)
  region size 1024K, 52 young (53248K), 5 survivors (5120K)
 Metaspace       used 110138K, committed 112256K, reserved 1179648K
  class space    used 14871K, committed 15936K, reserved 1048576K
}
Event: 217.336 GC heap after
{Heap after GC invocations=57 (full 0):
 garbage-first heap   total 163840K, used 106174K [0x0000000080000000, 0x0000000100000000)
  region size 1024K, 7 young (7168K), 7 survivors (7168K)
 Metaspace       used 110138K, committed 112256K, reserved 1179648K
  class space    used 14871K, committed 15936K, reserved 1048576K
}
Event: 223.480 GC heap before
{Heap before GC invocations=58 (full 0):
 garbage-first heap   total 179200K, used 149182K [0x0000000080000000, 0x0000000100000000)
  region size 1024K, 45 young (46080K), 7 survivors (7168K)
 Metaspace       used 113940K, committed 116096K, reserved 1179648K
  class space    used 15244K, committed 16320K, reserved 1048576K
}
Event: 223.502 GC heap after
{Heap after GC invocations=59 (full 0):
 garbage-first heap   total 179200K, used 111494K [0x0000000080000000, 0x0000000100000000)
  region size 1024K, 6 young (6144K), 6 survivors (6144K)
 Metaspace       used 113940K, committed 116096K, reserved 1179648K
  class space    used 15244K, committed 16320K, reserved 1048576K
}
Event: 238.845 GC heap before
{Heap before GC invocations=59 (full 0):
 garbage-first heap   total 179200K, used 161670K [0x0000000080000000, 0x0000000100000000)
  region size 1024K, 56 young (57344K), 6 survivors (6144K)
 Metaspace       used 114480K, committed 116608K, reserved 1179648K
  class space    used 15283K, committed 16384K, reserved 1048576K
}
Event: 238.869 GC heap after
{Heap after GC invocations=60 (full 0):
 garbage-first heap   total 179200K, used 115894K [0x0000000080000000, 0x0000000100000000)
  region size 1024K, 6 young (6144K), 6 survivors (6144K)
 Metaspace       used 114480K, committed 116608K, reserved 1179648K
  class space    used 15283K, committed 16384K, reserved 1048576K
}

Dll operation events (3 events):
Event: 0.896 Loaded shared library C:\Program Files\Android\Android Studio\jbr\bin\java.dll
Event: 1.200 Loaded shared library C:\Program Files\Android\Android Studio\jbr\bin\zip.dll
Event: 38.924 Loaded shared library C:\Program Files\Android\Android Studio\jbr\bin\verify.dll

Deoptimization events (20 events):
Event: 232.810 Thread 0x0000026a0c050ab0 DEOPT PACKING pc=0x0000026a763dd920 sp=0x000000f64c9fd940
Event: 232.810 Thread 0x0000026a0c050ab0 DEOPT UNPACKING pc=0x0000026a75bf46a2 sp=0x000000f64c9fd8e8 mode 2
Event: 238.414 Thread 0x0000026a0c0538a0 DEOPT PACKING pc=0x0000026a6f888889 sp=0x000000f64cafdca0
Event: 238.414 Thread 0x0000026a0c0538a0 DEOPT UNPACKING pc=0x0000026a75bf4e42 sp=0x000000f64cafd1a0 mode 0
Event: 239.831 Thread 0x0000026a0c04f700 Uncommon trap: trap_request=0xffffff45 fr.pc=0x0000026a76494250 relative=0x0000000000000970
Event: 239.831 Thread 0x0000026a0c04f700 Uncommon trap: reason=unstable_if action=reinterpret pc=0x0000026a76494250 method=java.util.Collections.indexedBinarySearch(Ljava/util/List;Ljava/lang/Object;Ljava/util/Comparator;)I @ 62 c2
Event: 239.831 Thread 0x0000026a0c04f700 DEOPT PACKING pc=0x0000026a76494250 sp=0x000000f64c4fbed0
Event: 239.832 Thread 0x0000026a0c04f700 DEOPT UNPACKING pc=0x0000026a75bf46a2 sp=0x000000f64c4fbd38 mode 2
Event: 244.823 Thread 0x0000026a0c04f700 Uncommon trap: trap_request=0xffffffc6 fr.pc=0x0000026a763dd920 relative=0x00000000000004c0
Event: 244.823 Thread 0x0000026a0c04f700 Uncommon trap: reason=bimorphic_or_optimized_type_check action=maybe_recompile pc=0x0000026a763dd920 method=com.google.common.cache.LocalCache$Segment.enqueueNotification(Ljava/lang/Object;ILjava/lang/Object;ILcom/google/common/cache/RemovalCause;)V @ 14 
Event: 244.823 Thread 0x0000026a0c04f700 DEOPT PACKING pc=0x0000026a763dd920 sp=0x000000f64c4fc410
Event: 244.823 Thread 0x0000026a0c04f700 DEOPT UNPACKING pc=0x0000026a75bf46a2 sp=0x000000f64c4fc3b8 mode 2
Event: 244.852 Thread 0x0000026a0c051140 Uncommon trap: trap_request=0xffffff45 fr.pc=0x0000026a7641b390 relative=0x0000000000000230
Event: 244.852 Thread 0x0000026a0c051140 Uncommon trap: reason=unstable_if action=reinterpret pc=0x0000026a7641b390 method=com.esotericsoftware.kryo.io.Input.readVarInt(Z)I @ 42 c2
Event: 244.852 Thread 0x0000026a0c051140 DEOPT PACKING pc=0x0000026a7641b390 sp=0x000000f64c8fe3d0
Event: 244.852 Thread 0x0000026a0c051140 DEOPT UNPACKING pc=0x0000026a75bf46a2 sp=0x000000f64c8fe2c0 mode 2
Event: 244.891 Thread 0x0000026a0c051140 Uncommon trap: trap_request=0xffffff45 fr.pc=0x0000026a764c8650 relative=0x0000000000000190
Event: 244.894 Thread 0x0000026a0c051140 Uncommon trap: reason=unstable_if action=reinterpret pc=0x0000026a764c8650 method=com.esotericsoftware.kryo.io.Input.readBytes([BII)V @ 61 c2
Event: 244.894 Thread 0x0000026a0c051140 DEOPT PACKING pc=0x0000026a764c8650 sp=0x000000f64c8fe2a0
Event: 244.894 Thread 0x0000026a0c051140 DEOPT UNPACKING pc=0x0000026a75bf46a2 sp=0x000000f64c8fe170 mode 2

Classes loaded (20 events):
Event: 215.328 Loading class java/io/CharConversionException done
Event: 215.328 Loading class com/sun/org/apache/xerces/internal/impl/io/MalformedByteSequenceException done
Event: 217.281 Loading class java/util/TreeMap$KeySpliterator
Event: 217.281 Loading class java/util/TreeMap$TreeMapSpliterator
Event: 217.281 Loading class java/util/TreeMap$TreeMapSpliterator done
Event: 217.281 Loading class java/util/TreeMap$KeySpliterator done
Event: 218.316 Loading class java/util/HashMap$UnsafeHolder
Event: 218.316 Loading class java/util/HashMap$UnsafeHolder done
Event: 218.630 Loading class java/util/concurrent/ConcurrentLinkedQueue$Itr
Event: 218.631 Loading class java/util/concurrent/ConcurrentLinkedQueue$Itr done
Event: 220.319 Loading class java/io/ObjectStreamClass$ExceptionInfo
Event: 220.320 Loading class java/io/ObjectStreamClass$ExceptionInfo done
Event: 220.379 Loading class java/time/Instant$1
Event: 220.380 Loading class java/time/Instant$1 done
Event: 223.815 Loading class java/io/CharArrayWriter
Event: 223.815 Loading class java/io/CharArrayWriter done
Event: 223.831 Loading class java/io/SequenceInputStream
Event: 223.831 Loading class java/io/SequenceInputStream done
Event: 223.852 Loading class java/util/function/IntUnaryOperator
Event: 223.853 Loading class java/util/function/IntUnaryOperator done

Classes unloaded (0 events):
No events

Classes redefined (0 events):
No events

Internal exceptions (20 events):
Event: 218.604 Thread 0x0000026a077279a0 Exception <a 'java/lang/NoSuchMethodError'{0x0000000089f24548}: 'java.lang.Object java.lang.invoke.DirectMethodHandle$Holder.invokeSpecial(java.lang.Object, java.lang.Object, java.lang.Object, int, long)'> (0x0000000089f24548) 
thrown [s\src\hotspot\share\interpreter\linkResolver.cpp, line 784]
Event: 218.646 Thread 0x0000026a077279a0 Exception <a 'java/lang/NoSuchMethodError'{0x0000000089f5bed0}: 'void java.lang.invoke.DirectMethodHandle$Holder.invokeSpecial(java.lang.Object, java.lang.Object, java.lang.Object, java.lang.Object, int, java.lang.Object, java.lang.Object)'> (0x0000000089f5bed0) 
thrown [s\src\hotspot\share\interpreter\linkResolver.cpp, line 784]
Event: 219.276 Thread 0x0000026a077279a0 Implicit null exception at 0x0000026a7677b364 to 0x0000026a76782064
Event: 219.338 Thread 0x0000026a0c04f700 Exception <a 'java/lang/NoSuchMethodError'{0x0000000089531708}: 'java.lang.Object java.lang.invoke.DirectMethodHandle$Holder.newInvokeSpecial(java.lang.Object, java.lang.Object, int, java.lang.Object, java.lang.Object)'> (0x0000000089531708) 
thrown [s\src\hotspot\share\interpreter\linkResolver.cpp, line 784]
Event: 219.828 Thread 0x0000026a0c04f700 Exception <a 'java/lang/NoSuchMethodError'{0x00000000893d8cb0}: 'java.lang.Object java.lang.invoke.DirectMethodHandle$Holder.invokeVirtual(java.lang.Object, java.lang.Object, java.lang.Object, java.lang.Object, java.lang.Object, java.lang.Object, java.lang.Object, java.lang.Object, java.lang.Object, java.lang.Object, java.lang.Object, java.lang.Object, java.lang.Object, java.lang.Object, java.lang.Object, java.lang.Object, java.lang.Object, java.lang.Object, java.lang.Object)'> (0x00000000893d8cb0) 
thrown
Event: 219.860 Thread 0x0000026a07724bb0 Exception <a 'java/lang/NoSuchMethodError'{0x00000000892aa510}: static Lorg/gradle/internal/build/event/types/DefaultTaskStartedProgressEvent;.<clinit>()V> (0x00000000892aa510) 
thrown [s\src\hotspot\share\prims\jni.cpp, line 1135]
Event: 219.862 Thread 0x0000026a07724bb0 Exception <a 'java/lang/NoSuchMethodError'{0x00000000892b59f8}: static Lorg/gradle/internal/build/event/types/DefaultTaskDescriptor;.<clinit>()V> (0x00000000892b59f8) 
thrown [s\src\hotspot\share\prims\jni.cpp, line 1135]
Event: 219.894 Thread 0x0000026a07724bb0 Exception <a 'java/lang/NoSuchMethodError'{0x0000000089109d50}: static Lorg/gradle/internal/build/event/types/DefaultTaskFinishedProgressEvent;.<clinit>()V> (0x0000000089109d50) 
thrown [s\src\hotspot\share\prims\jni.cpp, line 1135]
Event: 219.901 Thread 0x0000026a07724bb0 Exception <a 'java/lang/NoSuchMethodError'{0x0000000089136400}: static Lorg/gradle/internal/build/event/types/DefaultTaskSuccessResult;.<clinit>()V> (0x0000000089136400) 
thrown [s\src\hotspot\share\prims\jni.cpp, line 1135]
Event: 219.902 Thread 0x0000026a07724bb0 Exception <a 'java/lang/NoSuchMethodError'{0x0000000089137b58}: static Lorg/gradle/internal/build/event/types/AbstractTaskResult;.<clinit>()V> (0x0000000089137b58) 
thrown [s\src\hotspot\share\prims\jni.cpp, line 1135]
Event: 220.288 Thread 0x0000026a0bd0cd00 Exception <a 'java/lang/NoSuchMethodError'{0x0000000088f8aa58}: static Lcom/android/buildanalyzer/common/AndroidGradlePluginAttributionData$BuildInfo;.<clinit>()V> (0x0000000088f8aa58) 
thrown [s\src\hotspot\share\prims\jni.cpp, line 1135]
Event: 220.300 Thread 0x0000026a0bd0cd00 Exception <a 'java/lang/NoSuchMethodError'{0x0000000088fa27f8}: static Lcom/android/buildanalyzer/common/AndroidGradlePluginAttributionData$JavaInfo;.<clinit>()V> (0x0000000088fa27f8) 
thrown [s\src\hotspot\share\prims\jni.cpp, line 1135]
Event: 220.320 Thread 0x0000026a0bd0cd00 Exception <a 'java/lang/NoSuchMethodError'{0x0000000088fc8c90}: static [Ljava/lang/String;.<clinit>()V> (0x0000000088fc8c90) 
thrown [s\src\hotspot\share\prims\jni.cpp, line 1135]
Event: 220.322 Thread 0x0000026a0bd0cd00 Exception <a 'java/lang/NoSuchMethodError'{0x0000000088fd8350}: static Lcom/android/buildanalyzer/common/AndroidGradlePluginAttributionData$TaskInfo;.<clinit>()V> (0x0000000088fd8350) 
thrown [s\src\hotspot\share\prims\jni.cpp, line 1135]
Event: 220.324 Thread 0x0000026a0bd0cd00 Exception <a 'java/lang/NoSuchMethodError'{0x0000000088fe5668}: static Lcom/android/buildanalyzer/common/AndroidGradlePluginAttributionData$TaskCategoryInfo;.<clinit>()V> (0x0000000088fe5668) 
thrown [s\src\hotspot\share\prims\jni.cpp, line 1135]
Event: 220.806 Thread 0x0000026a0c04f700 Exception <a 'sun/nio/fs/WindowsException'{0x0000000088f69888}> (0x0000000088f69888) 
thrown [s\src\hotspot\share\prims\jni.cpp, line 535]
Event: 221.105 Thread 0x0000026a07724bb0 Exception <a 'java/lang/NoSuchMethodError'{0x0000000088c1f9c8}: static Lorg/gradle/internal/build/event/types/DefaultTaskSkippedResult;.<clinit>()V> (0x0000000088c1f9c8) 
thrown [s\src\hotspot\share\prims\jni.cpp, line 1135]
Event: 221.310 Thread 0x0000026a0c04f700 Exception <a 'java/lang/IncompatibleClassChangeError'{0x0000000088c87930}: Found class java.lang.Object, but interface was expected> (0x0000000088c87930) 
thrown [s\src\hotspot\share\interpreter\linkResolver.cpp, line 851]
Event: 223.853 Thread 0x0000026a0c04f700 Exception <a 'java/lang/NoSuchMethodError'{0x00000000ffd7c208}: 'int java.lang.invoke.DirectMethodHandle$Holder.invokeSpecial(java.lang.Object, java.lang.Object, int)'> (0x00000000ffd7c208) 
thrown [s\src\hotspot\share\interpreter\linkResolver.cpp, line 784]
Event: 239.854 Thread 0x0000026a0c04f700 Exception <a 'java/lang/NoSuchMethodError'{0x000000008a7f4ca8}: 'int java.lang.invoke.DirectMethodHandle$Holder.invokeStaticInit(java.lang.Object, java.lang.Object, java.lang.Object, java.lang.Object, java.lang.Object)'> (0x000000008a7f4ca8) 
thrown [s\src\hotspot\share\interpreter\linkResolver.cpp, line 784]

ZGC Phase Switch (0 events):
No events

VM Operations (20 events):
Event: 241.702 Executing VM operation: HandshakeAllThreads (HandshakeForDeflation)
Event: 241.702 Executing VM operation: HandshakeAllThreads (HandshakeForDeflation) done
Event: 241.702 Executing VM operation: Cleanup
Event: 241.702 Executing VM operation: Cleanup done
Event: 241.703 Executing VM operation: RendezvousGCThreads
Event: 241.703 Executing VM operation: RendezvousGCThreads done
Event: 242.714 Executing VM operation: Cleanup
Event: 242.714 Executing VM operation: Cleanup done
Event: 243.724 Executing VM operation: Cleanup
Event: 243.724 Executing VM operation: Cleanup done
Event: 244.731 Executing VM operation: Cleanup
Event: 244.731 Executing VM operation: Cleanup done
Event: 245.746 Executing VM operation: Cleanup
Event: 245.747 Executing VM operation: Cleanup done
Event: 247.771 Executing VM operation: Cleanup
Event: 247.786 Executing VM operation: Cleanup done
Event: 248.788 Executing VM operation: Cleanup
Event: 248.788 Executing VM operation: Cleanup done
Event: 249.791 Executing VM operation: Cleanup
Event: 249.791 Executing VM operation: Cleanup done

Memory protections (0 events):
No events

Nmethod flushes (20 events):
Event: 217.667 Thread 0x0000026a024231d0 flushing  nmethod 0x0000026a6ea0fd90
Event: 217.667 Thread 0x0000026a024231d0 flushing  nmethod 0x0000026a6eab6f10
Event: 217.667 Thread 0x0000026a024231d0 flushing  nmethod 0x0000026a6eca6890
Event: 217.667 Thread 0x0000026a024231d0 flushing  nmethod 0x0000026a6ece8110
Event: 217.667 Thread 0x0000026a024231d0 flushing  nmethod 0x0000026a6ed0dc90
Event: 217.667 Thread 0x0000026a024231d0 flushing  nmethod 0x0000026a6edc4390
Event: 217.667 Thread 0x0000026a024231d0 flushing  nmethod 0x0000026a6ee05790
Event: 217.667 Thread 0x0000026a024231d0 flushing  nmethod 0x0000026a6ee5df90
Event: 217.667 Thread 0x0000026a024231d0 flushing  nmethod 0x0000026a6ef0b310
Event: 217.667 Thread 0x0000026a024231d0 flushing  nmethod 0x0000026a6ef0e110
Event: 217.667 Thread 0x0000026a024231d0 flushing  nmethod 0x0000026a6ef1df10
Event: 217.667 Thread 0x0000026a024231d0 flushing  nmethod 0x0000026a6ef4c010
Event: 217.667 Thread 0x0000026a024231d0 flushing  nmethod 0x0000026a6ef5b390
Event: 217.667 Thread 0x0000026a024231d0 flushing  nmethod 0x0000026a6f009f90
Event: 217.667 Thread 0x0000026a024231d0 flushing  nmethod 0x0000026a6f227190
Event: 217.667 Thread 0x0000026a024231d0 flushing  nmethod 0x0000026a6f2cd090
Event: 217.667 Thread 0x0000026a024231d0 flushing  nmethod 0x0000026a6f37f710
Event: 217.667 Thread 0x0000026a024231d0 flushing  nmethod 0x0000026a6f3e7290
Event: 217.667 Thread 0x0000026a024231d0 flushing  nmethod 0x0000026a6f6e8410
Event: 217.667 Thread 0x0000026a024231d0 flushing  nmethod 0x0000026a6f6ef690

Events (20 events):
Event: 130.284 Thread 0x0000026a077279a0 Thread added: 0x0000026a088294d0
Event: 130.292 Thread 0x0000026a077279a0 Thread added: 0x0000026a0882a880
Event: 130.316 Thread 0x0000026a077279a0 Thread added: 0x0000026a0882af10
Event: 147.301 Thread 0x0000026a077279a0 Thread added: 0x0000026a0882bc30
Event: 172.777 Thread 0x0000026a077279a0 Thread added: 0x0000026a0bd0cd00
Event: 176.394 Thread 0x0000026a077279a0 Thread added: 0x0000026a0bd0da20
Event: 185.510 Thread 0x0000026a077279a0 Thread added: 0x0000026a0bcee9c0
Event: 218.624 Thread 0x0000026a077279a0 Thread added: 0x0000026a0bd7fdc0
Event: 218.635 Thread 0x0000026a077279a0 Thread added: 0x0000026a0bd7a1e0
Event: 219.298 Thread 0x0000026a077279a0 Thread added: 0x0000026a0c04f700
Event: 219.348 Thread 0x0000026a0c04f700 Thread added: 0x0000026a0c04fd90
Event: 219.353 Thread 0x0000026a0c04f700 Thread added: 0x0000026a0c055970
Event: 219.365 Thread 0x0000026a0c04f700 Thread added: 0x0000026a0c050420
Event: 219.521 Thread 0x0000026a0c04f700 Thread added: 0x0000026a0c051140
Event: 228.022 Thread 0x0000026a0c04f700 Thread added: 0x0000026a0c050ab0
Event: 228.026 Thread 0x0000026a0c04f700 Thread added: 0x0000026a0c0538a0
Event: 228.029 Thread 0x0000026a0c04f700 Thread added: 0x0000026a0c04f070
Event: 247.387 Thread 0x0000026a0c04f700 Thread added: 0x0000026a0c053f30
Event: 247.393 Thread 0x0000026a0c04f700 Thread added: 0x0000026a0c053210
Event: 247.398 Thread 0x0000026a0c04f700 Thread added: 0x0000026a0c0545c0


Dynamic libraries:
0x00007ff657d10000 - 0x00007ff657d1a000 	C:\Program Files\Android\Android Studio\jbr\bin\java.exe
0x00007ff8b0ab0000 - 0x00007ff8b0ca8000 	C:\WINDOWS\SYSTEM32\ntdll.dll
0x00007ff8af9a0000 - 0x00007ff8afa62000 	C:\WINDOWS\System32\KERNEL32.DLL
0x00007ff8ae510000 - 0x00007ff8ae80f000 	C:\WINDOWS\System32\KERNELBASE.dll
0x00007ff8ae150000 - 0x00007ff8ae250000 	C:\WINDOWS\System32\ucrtbase.dll
0x00007ff8a8ff0000 - 0x00007ff8a9008000 	C:\Program Files\Android\Android Studio\jbr\bin\jli.dll
0x00007ff8afc50000 - 0x00007ff8afded000 	C:\WINDOWS\System32\USER32.dll
0x00007ff8ae4e0000 - 0x00007ff8ae502000 	C:\WINDOWS\System32\win32u.dll
0x00007ff8afa70000 - 0x00007ff8afa9b000 	C:\WINDOWS\System32\GDI32.dll
0x00007ff8ae940000 - 0x00007ff8aea5a000 	C:\WINDOWS\System32\gdi32full.dll
0x00007ff8ae810000 - 0x00007ff8ae8ad000 	C:\WINDOWS\System32\msvcp_win.dll
0x00007ff871310000 - 0x00007ff87132b000 	C:\Program Files\Android\Android Studio\jbr\bin\VCRUNTIME140.dll
0x00007ff89c2a0000 - 0x00007ff89c53a000 	C:\WINDOWS\WinSxS\amd64_microsoft.windows.common-controls_6595b64144ccf1df_6.0.19041.4355_none_60b8b9eb71f62e16\COMCTL32.dll
0x00007ff8b0420000 - 0x00007ff8b04be000 	C:\WINDOWS\System32\msvcrt.dll
0x00007ff8aed10000 - 0x00007ff8aed3f000 	C:\WINDOWS\System32\IMM32.DLL
0x00007ff87feb0000 - 0x00007ff87febc000 	C:\Program Files\Android\Android Studio\jbr\bin\vcruntime140_1.dll
0x00007ff8806d0000 - 0x00007ff88075d000 	C:\Program Files\Android\Android Studio\jbr\bin\msvcp140.dll
0x00007ff84c3e0000 - 0x00007ff84d063000 	C:\Program Files\Android\Android Studio\jbr\bin\server\jvm.dll
0x00007ff8aeb90000 - 0x00007ff8aec3f000 	C:\WINDOWS\System32\ADVAPI32.dll
0x00007ff8b08a0000 - 0x00007ff8b093f000 	C:\WINDOWS\System32\sechost.dll
0x00007ff8b0520000 - 0x00007ff8b0643000 	C:\WINDOWS\System32\RPCRT4.dll
0x00007ff8ae250000 - 0x00007ff8ae277000 	C:\WINDOWS\System32\bcrypt.dll
0x00007ff8b03b0000 - 0x00007ff8b041b000 	C:\WINDOWS\System32\WS2_32.dll
0x00007ff8ad6c0000 - 0x00007ff8ad70b000 	C:\WINDOWS\SYSTEM32\POWRPROF.dll
0x00007ff890ce0000 - 0x00007ff890d07000 	C:\WINDOWS\SYSTEM32\WINMM.dll
0x00007ff8a7c50000 - 0x00007ff8a7c5a000 	C:\WINDOWS\SYSTEM32\VERSION.dll
0x00007ff8ad520000 - 0x00007ff8ad532000 	C:\WINDOWS\SYSTEM32\UMPDC.dll
0x00007ff8ac930000 - 0x00007ff8ac942000 	C:\WINDOWS\SYSTEM32\kernel.appcore.dll
0x00007ff87ebc0000 - 0x00007ff87ebca000 	C:\Program Files\Android\Android Studio\jbr\bin\jimage.dll
0x00007ff8ac630000 - 0x00007ff8ac814000 	C:\WINDOWS\SYSTEM32\DBGHELP.DLL
0x00007ff89bc10000 - 0x00007ff89bc44000 	C:\WINDOWS\SYSTEM32\dbgcore.DLL
0x00007ff8ae8b0000 - 0x00007ff8ae932000 	C:\WINDOWS\System32\bcryptPrimitives.dll
0x00007ff8ab3a0000 - 0x00007ff8ab3ae000 	C:\Program Files\Android\Android Studio\jbr\bin\instrument.dll
0x00007ff867410000 - 0x00007ff867430000 	C:\Program Files\Android\Android Studio\jbr\bin\java.dll
0x00007ff864e80000 - 0x00007ff864e98000 	C:\Program Files\Android\Android Studio\jbr\bin\zip.dll
0x00007ff8af100000 - 0x00007ff8af86d000 	C:\WINDOWS\System32\SHELL32.dll
0x00007ff8abdb0000 - 0x00007ff8ac554000 	C:\WINDOWS\SYSTEM32\windows.storage.dll
0x00007ff8aeda0000 - 0x00007ff8af0f5000 	C:\WINDOWS\System32\combase.dll
0x00007ff8adb80000 - 0x00007ff8adbaf000 	C:\WINDOWS\SYSTEM32\Wldp.dll
0x00007ff8aec40000 - 0x00007ff8aed0d000 	C:\WINDOWS\System32\OLEAUT32.dll
0x00007ff8b0730000 - 0x00007ff8b07dd000 	C:\WINDOWS\System32\SHCORE.dll
0x00007ff8b04c0000 - 0x00007ff8b0515000 	C:\WINDOWS\System32\shlwapi.dll
0x00007ff8ae080000 - 0x00007ff8ae0a4000 	C:\WINDOWS\SYSTEM32\profapi.dll
0x00007ff87cb50000 - 0x00007ff87cb60000 	C:\Program Files\Android\Android Studio\jbr\bin\net.dll
0x00007ff8a5c30000 - 0x00007ff8a5d3a000 	C:\WINDOWS\SYSTEM32\WINHTTP.dll
0x00007ff8ad8e0000 - 0x00007ff8ad94c000 	C:\WINDOWS\system32\mswsock.dll
0x00007ff864d30000 - 0x00007ff864d46000 	C:\Program Files\Android\Android Studio\jbr\bin\nio.dll
0x00007ff8a8d60000 - 0x00007ff8a8d70000 	C:\Program Files\Android\Android Studio\jbr\bin\verify.dll
0x00007ff877850000 - 0x00007ff877877000 	C:\Users\dowhi\.gradle\native\c067742578af261105cb4f569cf0c3c89f3d7b1fecec35dd04571415982c5e48\windows-amd64\native-platform.dll
0x00007ff841670000 - 0x00007ff8417b4000 	C:\Users\dowhi\.gradle\native\100fb08df4bc3b14c8652ba06237920a3bd2aa13389f12d3474272988ae205f9\windows-amd64\native-platform-file-events.dll
0x00007ff87b7c0000 - 0x00007ff87b7c9000 	C:\Program Files\Android\Android Studio\jbr\bin\management.dll
0x00007ff87a2f0000 - 0x00007ff87a2fb000 	C:\Program Files\Android\Android Studio\jbr\bin\management_ext.dll
0x00007ff8aeae0000 - 0x00007ff8aeae8000 	C:\WINDOWS\System32\PSAPI.DLL
0x00007ff8adad0000 - 0x00007ff8adae8000 	C:\WINDOWS\SYSTEM32\CRYPTSP.dll
0x00007ff8ad150000 - 0x00007ff8ad184000 	C:\WINDOWS\system32\rsaenh.dll
0x00007ff8ae000000 - 0x00007ff8ae02e000 	C:\WINDOWS\SYSTEM32\USERENV.dll
0x00007ff8adaf0000 - 0x00007ff8adafc000 	C:\WINDOWS\SYSTEM32\CRYPTBASE.dll
0x00007ff8ad550000 - 0x00007ff8ad58b000 	C:\WINDOWS\SYSTEM32\IPHLPAPI.DLL
0x00007ff8b0940000 - 0x00007ff8b0948000 	C:\WINDOWS\System32\NSI.dll
0x00007ff87c760000 - 0x00007ff87c769000 	C:\Program Files\Android\Android Studio\jbr\bin\extnet.dll
0x00007ff89be50000 - 0x00007ff89be57000 	C:\WINDOWS\system32\wshunix.dll
0x00007ff89b790000 - 0x00007ff89b7a7000 	C:\WINDOWS\system32\napinsp.dll
0x00007ff87ef90000 - 0x00007ff87efab000 	C:\WINDOWS\system32\pnrpnsp.dll
0x00007ff87eec0000 - 0x00007ff87eed5000 	C:\WINDOWS\system32\wshbth.dll
0x00007ff8a91f0000 - 0x00007ff8a920d000 	C:\WINDOWS\system32\NLAapi.dll
0x00007ff8ad5a0000 - 0x00007ff8ad66a000 	C:\WINDOWS\SYSTEM32\DNSAPI.dll
0x00007ff87eea0000 - 0x00007ff87eeb2000 	C:\WINDOWS\System32\winrnr.dll
0x0000000077380000 - 0x00000000773a6000 	C:\Program Files\Bonjour\mdnsNSP.dll
0x00007ff890330000 - 0x00007ff89033a000 	C:\Windows\System32\rasadhlp.dll
0x00007ff8a4b80000 - 0x00007ff8a4c00000 	C:\WINDOWS\System32\fwpuclnt.dll

dbghelp: loaded successfully - version: 4.0.5 - missing functions: none
symbol engine: initialized successfully - sym options: 0x614 - pdb path: .;C:\Program Files\Android\Android Studio\jbr\bin;C:\WINDOWS\SYSTEM32;C:\WINDOWS\WinSxS\amd64_microsoft.windows.common-controls_6595b64144ccf1df_6.0.19041.4355_none_60b8b9eb71f62e16;C:\Program Files\Android\Android Studio\jbr\bin\server;C:\Users\dowhi\.gradle\native\c067742578af261105cb4f569cf0c3c89f3d7b1fecec35dd04571415982c5e48\windows-amd64;C:\Users\dowhi\.gradle\native\100fb08df4bc3b14c8652ba06237920a3bd2aa13389f12d3474272988ae205f9\windows-amd64;C:\Program Files\Bonjour

VM Arguments:
jvm_args: --add-opens=java.base/java.util=ALL-UNNAMED --add-opens=java.base/java.lang=ALL-UNNAMED --add-opens=java.base/java.lang.invoke=ALL-UNNAMED --add-opens=java.prefs/java.util.prefs=ALL-UNNAMED --add-exports=jdk.compiler/com.sun.tools.javac.api=ALL-UNNAMED --add-exports=jdk.compiler/com.sun.tools.javac.util=ALL-UNNAMED --add-opens=java.base/java.nio.charset=ALL-UNNAMED --add-opens=java.base/java.net=ALL-UNNAMED --add-opens=java.base/java.util.concurrent.atomic=ALL-UNNAMED -Xmx2048m -Dfile.encoding=UTF-8 -Duser.country=ES -Duser.language=es -Duser.variant -javaagent:C:\Users\dowhi\.gradle\wrapper\dists\gradle-8.10.2-bin\a04bxjujx95o3nb99gddekhwo\gradle-8.10.2\lib\agents\gradle-instrumentation-agent-8.10.2.jar 
java_command: org.gradle.launcher.daemon.bootstrap.GradleDaemon 8.10.2
java_class_path (initial): C:\Users\dowhi\.gradle\wrapper\dists\gradle-8.10.2-bin\a04bxjujx95o3nb99gddekhwo\gradle-8.10.2\lib\gradle-daemon-main-8.10.2.jar
Launcher Type: SUN_STANDARD

[Global flags]
     intx CICompilerCount                          = 3                                         {product} {ergonomic}
     uint ConcGCThreads                            = 1                                         {product} {ergonomic}
     uint G1ConcRefinementThreads                  = 4                                         {product} {ergonomic}
   size_t G1HeapRegionSize                         = 1048576                                   {product} {ergonomic}
    uintx GCDrainStackTargetSize                   = 64                                        {product} {ergonomic}
   size_t InitialHeapSize                          = 134217728                                 {product} {ergonomic}
   size_t MarkStackSize                            = 4194304                                   {product} {ergonomic}
   size_t MaxHeapSize                              = 2147483648                                {product} {command line}
   size_t MaxNewSize                               = 1287651328                                {product} {ergonomic}
   size_t MinHeapDeltaBytes                        = 1048576                                   {product} {ergonomic}
   size_t MinHeapSize                              = 8388608                                   {product} {ergonomic}
    uintx NonNMethodCodeHeapSize                   = 5832780                                {pd product} {ergonomic}
    uintx NonProfiledCodeHeapSize                  = 122912730                              {pd product} {ergonomic}
    uintx ProfiledCodeHeapSize                     = 122912730                              {pd product} {ergonomic}
    uintx ReservedCodeCacheSize                    = 251658240                              {pd product} {ergonomic}
     bool SegmentedCodeCache                       = true                                      {product} {ergonomic}
   size_t SoftMaxHeapSize                          = 2147483648                             {manageable} {ergonomic}
     bool UseCompressedOops                        = true                           {product lp64_product} {ergonomic}
     bool UseG1GC                                  = true                                      {product} {ergonomic}
     bool UseLargePagesIndividualAllocation        = false                                  {pd product} {ergonomic}

Logging:
Log output configuration:
 #0: stdout all=warning uptime,level,tags foldmultilines=false
 #1: stderr all=off uptime,level,tags foldmultilines=false

Environment Variables:
PATH=c:\Users\dowhi\AppData\Local\Programs\cursor\resources\app\bin;C:\Program Files\Common Files\Oracle\Java\javapath;C:\Program Files (x86)\Embarcadero\Studio\20.0\bin;C:\Users\Public\Documents\Embarcadero\Studio\20.0\Bpl;C:\Program Files (x86)\Embarcadero\Studio\20.0\bin64;C:\Users\Public\Documents\Embarcadero\Studio\20.0\Bpl\Win64;C:\WINDOWS\system32;C:\WINDOWS;C:\WINDOWS\System32\Wbem;C:\WINDOWS\System32\WindowsPowerShell\v1.0\;C:\WINDOWS\System32\OpenSSH\;C:\Program Files\Microsoft SQL Server\Client SDK\ODBC\130\Tools\Binn\;C:\Program Files (x86)\Microsoft SQL Server\140\Tools\Binn\;C:\Program Files\Microsoft SQL Server\140\Tools\Binn\;C:\Program Files\Microsoft SQL Server\140\DTS\Binn\;C:\Program Files\AutoFirmaJA\AutoFirmaJA;C:\Program Files (x86)\Windows Kits\10\Windows Performance Toolkit\;C:\Program Files (x86)\dotnet\;C:\Program Files\dotnet\;C:\Program Files\Calibre2\;C:\Program Files\HP\HP One Agent;C:\Program Files\nodejs\;C:\Program Files\MariaDB 11.5\bin;C:\Program Files\AutoFirma\AutoFirma;C:\Pro;C:\src\flutter\bin;C:\Users\dowhi\flutter\bin;C:\Users\dowhi\AppData\Local\Programs\Microsoft VS Code\bin;C:\Users\dowhi\AppData\Local\Programs\cursor\resources\app\bin
USERNAME=dowhi
OS=Windows_NT
PROCESSOR_IDENTIFIER=Intel64 Family 6 Model 142 Stepping 9, GenuineIntel
TMP=C:\Users\dowhi\AppData\Local\Temp
TEMP=C:\Users\dowhi\AppData\Local\Temp




Periodic native trim disabled

JNI global refs:
JNI global refs: 27, weak refs: 0

JNI global refs memory usage: 835, weak refs: 833

Process memory usage:
Resident Set Size: 322064K (3% of 8297572K total physical memory with 116660K free physical memory)

OOME stack traces (most recent first):
Classloader memory used:
Loader org.gradle.internal.classloader.VisitableURLClassLoader                         : 41824K
Loader org.gradle.internal.classloader.VisitableURLClassLoader$InstrumentingVisitableURLClassLoader: 31467K
Loader bootstrap                                                                       : 28983K
Loader org.gradle.initialization.MixInLegacyTypesClassLoader                           : 11238K
Loader jdk.internal.loader.ClassLoaders$PlatformClassLoader                            : 542K
Loader jdk.internal.reflect.DelegatingClassLoader                                      : 251K
Loader jdk.internal.loader.ClassLoaders$AppClassLoader                                 : 234K
Loader org.gradle.groovy.scripts.internal.DefaultScriptCompilationHandler$ScriptClassLoader: 176K
Loader org.gradle.internal.classloader.VisitableURLClassLoader                         : 50000B
Loader org.codehaus.groovy.runtime.callsite.CallSiteClassLoader                        : 13296B
Loader sun.reflect.misc.MethodUtil                                                     : 2952B


[error occurred during error reporting (Classloader stats), id 0xe0000001, Out of Memory Error (s\src\hotspot\share\memory\arena.cpp:168)]
---------------  S Y S T E M  ---------------

OS:
 Windows 10 , 64 bit Build 19041 (10.0.19041.5438)
OS uptime: 14 days 18:38 hours
Hyper-V role detected

CPU: total 4 (initial active 4) (2 cores per cpu, 2 threads per core) family 6 model 142 stepping 9 microcode 0xd6, cx8, cmov, fxsr, ht, mmx, 3dnowpref, sse, sse2, sse3, ssse3, sse4.1, sse4.2, popcnt, lzcnt, tsc, tscinvbit, avx, avx2, aes, erms, clmul, bmi1, bmi2, adx, fma, vzeroupper, clflush, clflushopt, hv, rdtscp, f16c
Processor Information for all 4 processors :
  Max Mhz: 2300, Current Mhz: 2300, Mhz Limit: 2300

Memory: 4k page, system-wide physical 8103M (114M free)
TotalPageFile size 29426M (AvailPageFile size 3M)
current process WorkingSet (physical memory assigned to process): 316M, peak: 401M
current process commit charge ("private bytes"): 476M, peak: 499M

vm_info: OpenJDK 64-Bit Server VM (21.0.4+-12508038-b607.1) for windows-amd64 JRE (21.0.4+-12508038-b607.1), built on 2024-10-16T17:23:34Z by "builder" with MS VC++ 16.10 / 16.11 (VS2019)

END.
